{"/Users/ng/Documents/github/blast-furnace/src/index.ts": {"path":"/Users/ng/Documents/github/blast-furnace/src/index.ts","all":false,"statementMap":{"0":{"start":{"line":1,"column":0},"end":{"line":1,"column":61}},"1":{"start":{"line":2,"column":0},"end":{"line":2,"column":43}},"2":{"start":{"line":3,"column":0},"end":{"line":3,"column":72}},"3":{"start":{"line":4,"column":0},"end":{"line":4,"column":66}},"4":{"start":{"line":5,"column":0},"end":{"line":5,"column":64}},"5":{"start":{"line":6,"column":0},"end":{"line":6,"column":105}},"9":{"start":{"line":10,"column":0},"end":{"line":10,"column":64}},"10":{"start":{"line":11,"column":0},"end":{"line":11,"column":43}},"11":{"start":{"line":12,"column":0},"end":{"line":12,"column":27}},"16":{"start":{"line":17,"column":0},"end":{"line":17,"column":73}},"17":{"start":{"line":18,"column":0},"end":{"line":18,"column":26}},"18":{"start":{"line":19,"column":0},"end":{"line":19,"column":27}},"19":{"start":{"line":20,"column":0},"end":{"line":20,"column":70}},"20":{"start":{"line":21,"column":0},"end":{"line":21,"column":25}},"21":{"start":{"line":22,"column":0},"end":{"line":22,"column":66}},"22":{"start":{"line":23,"column":0},"end":{"line":23,"column":26}},"23":{"start":{"line":24,"column":0},"end":{"line":24,"column":68}},"24":{"start":{"line":25,"column":0},"end":{"line":25,"column":12}},"25":{"start":{"line":26,"column":0},"end":{"line":26,"column":60}},"26":{"start":{"line":27,"column":0},"end":{"line":27,"column":3}},"27":{"start":{"line":28,"column":0},"end":{"line":28,"column":1}},"29":{"start":{"line":30,"column":0},"end":{"line":30,"column":38}},"31":{"start":{"line":32,"column":0},"end":{"line":32,"column":29}},"32":{"start":{"line":33,"column":0},"end":{"line":33,"column":69}},"33":{"start":{"line":34,"column":0},"end":{"line":34,"column":3}},"34":{"start":{"line":35,"column":0},"end":{"line":35,"column":29}},"35":{"start":{"line":36,"column":0},"end":{"line":36,"column":69}},"36":{"start":{"line":37,"column":0},"end":{"line":37,"column":3}},"37":{"start":{"line":38,"column":0},"end":{"line":38,"column":28}},"38":{"start":{"line":39,"column":0},"end":{"line":39,"column":68}},"39":{"start":{"line":40,"column":0},"end":{"line":40,"column":3}},"41":{"start":{"line":42,"column":0},"end":{"line":42,"column":47}},"42":{"start":{"line":43,"column":0},"end":{"line":43,"column":41}},"45":{"start":{"line":46,"column":0},"end":{"line":46,"column":50}},"46":{"start":{"line":47,"column":0},"end":{"line":47,"column":30}},"47":{"start":{"line":48,"column":0},"end":{"line":48,"column":3}},"50":{"start":{"line":51,"column":0},"end":{"line":51,"column":38}},"51":{"start":{"line":52,"column":0},"end":{"line":52,"column":1}},"54":{"start":{"line":55,"column":0},"end":{"line":55,"column":64}},"55":{"start":{"line":56,"column":0},"end":{"line":56,"column":23}},"56":{"start":{"line":57,"column":0},"end":{"line":57,"column":11}},"57":{"start":{"line":58,"column":0},"end":{"line":58,"column":3}},"58":{"start":{"line":59,"column":0},"end":{"line":59,"column":24}},"60":{"start":{"line":61,"column":0},"end":{"line":61,"column":65}},"62":{"start":{"line":63,"column":0},"end":{"line":63,"column":36}},"63":{"start":{"line":64,"column":0},"end":{"line":64,"column":61}},"64":{"start":{"line":65,"column":0},"end":{"line":65,"column":20}},"65":{"start":{"line":66,"column":0},"end":{"line":66,"column":12}},"66":{"start":{"line":67,"column":0},"end":{"line":67,"column":18}},"68":{"start":{"line":69,"column":0},"end":{"line":69,"column":39}},"70":{"start":{"line":71,"column":0},"end":{"line":71,"column":7}},"72":{"start":{"line":73,"column":0},"end":{"line":73,"column":17}},"73":{"start":{"line":74,"column":0},"end":{"line":74,"column":27}},"74":{"start":{"line":75,"column":0},"end":{"line":75,"column":5}},"75":{"start":{"line":76,"column":0},"end":{"line":76,"column":17}},"76":{"start":{"line":77,"column":0},"end":{"line":77,"column":72}},"77":{"start":{"line":78,"column":0},"end":{"line":78,"column":58}},"78":{"start":{"line":79,"column":0},"end":{"line":79,"column":3}},"79":{"start":{"line":80,"column":0},"end":{"line":80,"column":7}},"81":{"start":{"line":82,"column":0},"end":{"line":82,"column":17}},"82":{"start":{"line":83,"column":0},"end":{"line":83,"column":32}},"83":{"start":{"line":84,"column":0},"end":{"line":84,"column":5}},"84":{"start":{"line":85,"column":0},"end":{"line":85,"column":17}},"85":{"start":{"line":86,"column":0},"end":{"line":86,"column":72}},"86":{"start":{"line":87,"column":0},"end":{"line":87,"column":58}},"87":{"start":{"line":88,"column":0},"end":{"line":88,"column":3}},"88":{"start":{"line":89,"column":0},"end":{"line":89,"column":7}},"90":{"start":{"line":91,"column":0},"end":{"line":91,"column":23}},"91":{"start":{"line":92,"column":0},"end":{"line":92,"column":17}},"92":{"start":{"line":93,"column":0},"end":{"line":93,"column":72}},"93":{"start":{"line":94,"column":0},"end":{"line":94,"column":57}},"94":{"start":{"line":95,"column":0},"end":{"line":95,"column":3}},"95":{"start":{"line":96,"column":0},"end":{"line":96,"column":7}},"97":{"start":{"line":98,"column":0},"end":{"line":98,"column":35}},"98":{"start":{"line":99,"column":0},"end":{"line":99,"column":17}},"99":{"start":{"line":100,"column":0},"end":{"line":100,"column":72}},"100":{"start":{"line":101,"column":0},"end":{"line":101,"column":71}},"101":{"start":{"line":102,"column":0},"end":{"line":102,"column":3}},"103":{"start":{"line":104,"column":0},"end":{"line":104,"column":24}},"104":{"start":{"line":105,"column":0},"end":{"line":105,"column":38}},"105":{"start":{"line":106,"column":0},"end":{"line":106,"column":1}},"107":{"start":{"line":108,"column":0},"end":{"line":108,"column":47}},"108":{"start":{"line":109,"column":0},"end":{"line":109,"column":49}},"110":{"start":{"line":111,"column":0},"end":{"line":111,"column":23}},"111":{"start":{"line":112,"column":0},"end":{"line":112,"column":48}},"112":{"start":{"line":113,"column":0},"end":{"line":113,"column":18}},"113":{"start":{"line":114,"column":0},"end":{"line":114,"column":3}}},"s":{"0":1,"1":1,"2":1,"3":1,"4":1,"5":1,"9":1,"10":1,"11":1,"16":4,"17":4,"18":4,"19":1,"20":4,"21":1,"22":4,"23":1,"24":4,"25":1,"26":4,"27":4,"29":4,"31":4,"32":0,"33":0,"34":4,"35":0,"36":0,"37":4,"38":0,"39":0,"41":4,"42":4,"45":4,"46":4,"47":4,"50":4,"51":4,"54":0,"55":0,"56":0,"57":0,"58":0,"60":0,"62":0,"63":0,"64":0,"65":0,"66":0,"68":0,"70":0,"72":0,"73":0,"74":0,"75":0,"76":0,"77":0,"78":0,"79":0,"81":0,"82":0,"83":0,"84":0,"85":0,"86":0,"87":0,"88":0,"90":0,"91":0,"92":0,"93":0,"94":0,"95":0,"97":0,"98":0,"99":0,"100":0,"101":0,"103":0,"104":0,"105":0,"107":1,"108":1,"110":1,"111":0,"112":0,"113":0},"branchMap":{"0":{"type":"branch","line":17,"loc":{"start":{"line":17,"column":0},"end":{"line":28,"column":1}},"locations":[{"start":{"line":17,"column":0},"end":{"line":28,"column":1}}]},"1":{"type":"branch","line":19,"loc":{"start":{"line":19,"column":4},"end":{"line":20,"column":70}},"locations":[{"start":{"line":19,"column":4},"end":{"line":20,"column":70}}]},"2":{"type":"branch","line":21,"loc":{"start":{"line":21,"column":4},"end":{"line":22,"column":66}},"locations":[{"start":{"line":21,"column":4},"end":{"line":22,"column":66}}]},"3":{"type":"branch","line":23,"loc":{"start":{"line":23,"column":4},"end":{"line":24,"column":68}},"locations":[{"start":{"line":23,"column":4},"end":{"line":24,"column":68}}]},"4":{"type":"branch","line":25,"loc":{"start":{"line":25,"column":4},"end":{"line":26,"column":60}},"locations":[{"start":{"line":25,"column":4},"end":{"line":26,"column":60}}]},"5":{"type":"branch","line":30,"loc":{"start":{"line":30,"column":0},"end":{"line":52,"column":1}},"locations":[{"start":{"line":30,"column":0},"end":{"line":52,"column":1}}]},"6":{"type":"branch","line":32,"loc":{"start":{"line":32,"column":28},"end":{"line":34,"column":3}},"locations":[{"start":{"line":32,"column":28},"end":{"line":34,"column":3}}]},"7":{"type":"branch","line":35,"loc":{"start":{"line":35,"column":28},"end":{"line":37,"column":3}},"locations":[{"start":{"line":35,"column":28},"end":{"line":37,"column":3}}]},"8":{"type":"branch","line":38,"loc":{"start":{"line":38,"column":27},"end":{"line":40,"column":3}},"locations":[{"start":{"line":38,"column":27},"end":{"line":40,"column":3}}]}},"b":{"0":[4],"1":[1],"2":[1],"3":[1],"4":[1],"5":[4],"6":[0],"7":[0],"8":[0]},"fnMap":{"0":{"name":"multiHandler","decl":{"start":{"line":17,"column":0},"end":{"line":28,"column":1}},"loc":{"start":{"line":17,"column":0},"end":{"line":28,"column":1}},"line":17},"1":{"name":"main","decl":{"start":{"line":30,"column":0},"end":{"line":52,"column":1}},"loc":{"start":{"line":30,"column":0},"end":{"line":52,"column":1}},"line":30},"2":{"name":"shutdown","decl":{"start":{"line":55,"column":0},"end":{"line":106,"column":1}},"loc":{"start":{"line":55,"column":0},"end":{"line":106,"column":1}},"line":55}},"f":{"0":4,"1":4,"2":0}}
,"/Users/ng/Documents/github/blast-furnace/src/config/index.ts": {"path":"/Users/ng/Documents/github/blast-furnace/src/config/index.ts","all":false,"statementMap":{"2":{"start":{"line":3,"column":0},"end":{"line":3,"column":75}},"3":{"start":{"line":4,"column":0},"end":{"line":4,"column":59}},"4":{"start":{"line":5,"column":0},"end":{"line":5,"column":61}},"5":{"start":{"line":6,"column":0},"end":{"line":6,"column":22}},"6":{"start":{"line":7,"column":0},"end":{"line":7,"column":3}},"7":{"start":{"line":8,"column":0},"end":{"line":8,"column":16}},"8":{"start":{"line":9,"column":0},"end":{"line":9,"column":1}},"10":{"start":{"line":11,"column":0},"end":{"line":11,"column":83}},"11":{"start":{"line":12,"column":0},"end":{"line":12,"column":59}},"12":{"start":{"line":13,"column":0},"end":{"line":13,"column":46}},"13":{"start":{"line":14,"column":0},"end":{"line":14,"column":22}},"14":{"start":{"line":15,"column":0},"end":{"line":15,"column":3}},"15":{"start":{"line":16,"column":0},"end":{"line":16,"column":16}},"16":{"start":{"line":17,"column":0},"end":{"line":17,"column":1}},"18":{"start":{"line":19,"column":0},"end":{"line":19,"column":79}},"19":{"start":{"line":20,"column":0},"end":{"line":20,"column":28}},"20":{"start":{"line":21,"column":0},"end":{"line":21,"column":21}},"21":{"start":{"line":22,"column":0},"end":{"line":22,"column":3}},"22":{"start":{"line":23,"column":0},"end":{"line":23,"column":19}},"23":{"start":{"line":24,"column":0},"end":{"line":24,"column":1}},"25":{"start":{"line":26,"column":0},"end":{"line":26,"column":78}},"26":{"start":{"line":27,"column":0},"end":{"line":27,"column":59}},"27":{"start":{"line":28,"column":0},"end":{"line":28,"column":46}},"28":{"start":{"line":29,"column":0},"end":{"line":29,"column":66}},"29":{"start":{"line":30,"column":0},"end":{"line":30,"column":22}},"30":{"start":{"line":31,"column":0},"end":{"line":31,"column":3}},"31":{"start":{"line":32,"column":0},"end":{"line":32,"column":16}},"32":{"start":{"line":33,"column":0},"end":{"line":33,"column":1}},"34":{"start":{"line":35,"column":0},"end":{"line":35,"column":34}},"35":{"start":{"line":36,"column":0},"end":{"line":36,"column":10}},"36":{"start":{"line":37,"column":0},"end":{"line":37,"column":50}},"37":{"start":{"line":38,"column":0},"end":{"line":38,"column":47}},"38":{"start":{"line":39,"column":0},"end":{"line":39,"column":12}},"39":{"start":{"line":40,"column":0},"end":{"line":40,"column":53}},"40":{"start":{"line":41,"column":0},"end":{"line":41,"column":55}},"41":{"start":{"line":42,"column":0},"end":{"line":42,"column":59}},"42":{"start":{"line":43,"column":0},"end":{"line":43,"column":6}},"43":{"start":{"line":44,"column":0},"end":{"line":44,"column":13}},"44":{"start":{"line":45,"column":0},"end":{"line":45,"column":47}},"45":{"start":{"line":46,"column":0},"end":{"line":46,"column":47}},"46":{"start":{"line":47,"column":0},"end":{"line":47,"column":45}},"47":{"start":{"line":48,"column":0},"end":{"line":48,"column":78}},"48":{"start":{"line":49,"column":0},"end":{"line":49,"column":87}},"49":{"start":{"line":50,"column":0},"end":{"line":50,"column":71}},"50":{"start":{"line":51,"column":0},"end":{"line":51,"column":6}},"51":{"start":{"line":52,"column":0},"end":{"line":52,"column":12}},"52":{"start":{"line":53,"column":0},"end":{"line":53,"column":68}},"53":{"start":{"line":54,"column":0},"end":{"line":54,"column":71}},"54":{"start":{"line":55,"column":0},"end":{"line":55,"column":6}},"55":{"start":{"line":56,"column":0},"end":{"line":56,"column":4}},"56":{"start":{"line":57,"column":0},"end":{"line":57,"column":1}},"58":{"start":{"line":59,"column":0},"end":{"line":59,"column":35}}},"s":{"2":16,"3":16,"4":16,"5":0,"6":0,"7":16,"8":16,"10":8,"11":8,"12":8,"13":2,"14":2,"15":6,"16":6,"18":8,"19":8,"20":1,"21":1,"22":7,"23":7,"25":8,"26":8,"27":8,"28":8,"29":2,"30":2,"31":6,"32":6,"34":8,"35":8,"36":8,"37":8,"38":8,"39":8,"40":8,"41":8,"42":8,"43":8,"44":8,"45":8,"46":8,"47":8,"48":8,"49":8,"50":8,"51":8,"52":8,"53":8,"54":8,"55":8,"56":8,"58":1},"branchMap":{"0":{"type":"branch","line":3,"loc":{"start":{"line":3,"column":0},"end":{"line":9,"column":1}},"locations":[{"start":{"line":3,"column":0},"end":{"line":9,"column":1}}]},"1":{"type":"branch","line":4,"loc":{"start":{"line":4,"column":26},"end":{"line":4,"column":55}},"locations":[{"start":{"line":4,"column":26},"end":{"line":4,"column":55}}]},"2":{"type":"branch","line":5,"loc":{"start":{"line":5,"column":60},"end":{"line":7,"column":3}},"locations":[{"start":{"line":5,"column":60},"end":{"line":7,"column":3}}]},"3":{"type":"branch","line":11,"loc":{"start":{"line":11,"column":0},"end":{"line":17,"column":1}},"locations":[{"start":{"line":11,"column":0},"end":{"line":17,"column":1}}]},"4":{"type":"branch","line":12,"loc":{"start":{"line":12,"column":26},"end":{"line":12,"column":55}},"locations":[{"start":{"line":12,"column":26},"end":{"line":12,"column":55}}]},"5":{"type":"branch","line":13,"loc":{"start":{"line":13,"column":25},"end":{"line":13,"column":45}},"locations":[{"start":{"line":13,"column":25},"end":{"line":13,"column":45}}]},"6":{"type":"branch","line":13,"loc":{"start":{"line":13,"column":45},"end":{"line":15,"column":3}},"locations":[{"start":{"line":13,"column":45},"end":{"line":15,"column":3}}]},"7":{"type":"branch","line":15,"loc":{"start":{"line":15,"column":2},"end":{"line":17,"column":1}},"locations":[{"start":{"line":15,"column":2},"end":{"line":17,"column":1}}]},"8":{"type":"branch","line":19,"loc":{"start":{"line":19,"column":0},"end":{"line":24,"column":1}},"locations":[{"start":{"line":19,"column":0},"end":{"line":24,"column":1}}]},"9":{"type":"branch","line":20,"loc":{"start":{"line":20,"column":27},"end":{"line":22,"column":3}},"locations":[{"start":{"line":20,"column":27},"end":{"line":22,"column":3}}]},"10":{"type":"branch","line":22,"loc":{"start":{"line":22,"column":2},"end":{"line":24,"column":1}},"locations":[{"start":{"line":22,"column":2},"end":{"line":24,"column":1}}]},"11":{"type":"branch","line":26,"loc":{"start":{"line":26,"column":0},"end":{"line":33,"column":1}},"locations":[{"start":{"line":26,"column":0},"end":{"line":33,"column":1}}]},"12":{"type":"branch","line":27,"loc":{"start":{"line":27,"column":26},"end":{"line":27,"column":55}},"locations":[{"start":{"line":27,"column":26},"end":{"line":27,"column":55}}]},"13":{"type":"branch","line":29,"loc":{"start":{"line":29,"column":25},"end":{"line":29,"column":44}},"locations":[{"start":{"line":29,"column":25},"end":{"line":29,"column":44}}]},"14":{"type":"branch","line":29,"loc":{"start":{"line":29,"column":39},"end":{"line":29,"column":65}},"locations":[{"start":{"line":29,"column":39},"end":{"line":29,"column":65}}]},"15":{"type":"branch","line":29,"loc":{"start":{"line":29,"column":65},"end":{"line":31,"column":3}},"locations":[{"start":{"line":29,"column":65},"end":{"line":31,"column":3}}]},"16":{"type":"branch","line":31,"loc":{"start":{"line":31,"column":2},"end":{"line":33,"column":1}},"locations":[{"start":{"line":31,"column":2},"end":{"line":33,"column":1}}]},"17":{"type":"branch","line":35,"loc":{"start":{"line":35,"column":0},"end":{"line":57,"column":1}},"locations":[{"start":{"line":35,"column":0},"end":{"line":57,"column":1}}]},"18":{"type":"branch","line":37,"loc":{"start":{"line":37,"column":31},"end":{"line":37,"column":50}},"locations":[{"start":{"line":37,"column":31},"end":{"line":37,"column":50}}]},"19":{"type":"branch","line":40,"loc":{"start":{"line":40,"column":36},"end":{"line":40,"column":53}},"locations":[{"start":{"line":40,"column":36},"end":{"line":40,"column":53}}]},"20":{"type":"branch","line":45,"loc":{"start":{"line":45,"column":39},"end":{"line":45,"column":47}},"locations":[{"start":{"line":45,"column":39},"end":{"line":45,"column":47}}]},"21":{"type":"branch","line":46,"loc":{"start":{"line":46,"column":39},"end":{"line":46,"column":47}},"locations":[{"start":{"line":46,"column":39},"end":{"line":46,"column":47}}]},"22":{"type":"branch","line":47,"loc":{"start":{"line":47,"column":37},"end":{"line":47,"column":45}},"locations":[{"start":{"line":47,"column":37},"end":{"line":47,"column":45}}]},"23":{"type":"branch","line":50,"loc":{"start":{"line":50,"column":56},"end":{"line":50,"column":71}},"locations":[{"start":{"line":50,"column":56},"end":{"line":50,"column":71}}]},"24":{"type":"branch","line":53,"loc":{"start":{"line":53,"column":43},"end":{"line":53,"column":68}},"locations":[{"start":{"line":53,"column":43},"end":{"line":53,"column":68}}]}},"b":{"0":[16],"1":[14],"2":[0],"3":[8],"4":[5],"5":[7],"6":[2],"7":[6],"8":[8],"9":[1],"10":[7],"11":[8],"12":[5],"13":[7],"14":[6],"15":[2],"16":[6],"17":[8],"18":[1],"19":[7],"20":[7],"21":[7],"22":[7],"23":[7],"24":[7]},"fnMap":{"0":{"name":"parsePort","decl":{"start":{"line":3,"column":0},"end":{"line":9,"column":1}},"loc":{"start":{"line":3,"column":0},"end":{"line":9,"column":1}},"line":3},"1":{"name":"parsePollInterval","decl":{"start":{"line":11,"column":0},"end":{"line":17,"column":1}},"loc":{"start":{"line":11,"column":0},"end":{"line":17,"column":1}},"line":11},"2":{"name":"parseIssueStrategy","decl":{"start":{"line":19,"column":0},"end":{"line":24,"column":1}},"loc":{"start":{"line":19,"column":0},"end":{"line":24,"column":1}},"line":19},"3":{"name":"parseTimeout","decl":{"start":{"line":26,"column":0},"end":{"line":33,"column":1}},"loc":{"start":{"line":26,"column":0},"end":{"line":33,"column":1}},"line":26},"4":{"name":"loadConfig","decl":{"start":{"line":35,"column":0},"end":{"line":57,"column":1}},"loc":{"start":{"line":35,"column":0},"end":{"line":57,"column":1}},"line":35}},"f":{"0":16,"1":8,"2":8,"3":8,"4":8}}
,"/Users/ng/Documents/github/blast-furnace/src/github/branches.ts": {"path":"/Users/ng/Documents/github/blast-furnace/src/github/branches.ts","all":false,"statementMap":{"0":{"start":{"line":1,"column":0},"end":{"line":1,"column":43}},"1":{"start":{"line":2,"column":0},"end":{"line":2,"column":44}},"7":{"start":{"line":8,"column":0},"end":{"line":8,"column":55}},"8":{"start":{"line":9,"column":0},"end":{"line":9,"column":104}},"9":{"start":{"line":10,"column":0},"end":{"line":10,"column":58}},"10":{"start":{"line":11,"column":0},"end":{"line":11,"column":3}},"11":{"start":{"line":12,"column":0},"end":{"line":12,"column":1}},"16":{"start":{"line":17,"column":0},"end":{"line":17,"column":97}},"17":{"start":{"line":18,"column":0},"end":{"line":18,"column":33}},"18":{"start":{"line":19,"column":0},"end":{"line":19,"column":36}},"19":{"start":{"line":20,"column":0},"end":{"line":20,"column":31}},"20":{"start":{"line":21,"column":0},"end":{"line":21,"column":29}},"21":{"start":{"line":22,"column":0},"end":{"line":22,"column":36}},"22":{"start":{"line":23,"column":0},"end":{"line":23,"column":8}},"23":{"start":{"line":24,"column":0},"end":{"line":24,"column":10}},"24":{"start":{"line":25,"column":0},"end":{"line":25,"column":5}},"25":{"start":{"line":26,"column":0},"end":{"line":26,"column":1}},"30":{"start":{"line":31,"column":0},"end":{"line":31,"column":67}},"31":{"start":{"line":32,"column":0},"end":{"line":32,"column":33}},"32":{"start":{"line":33,"column":0},"end":{"line":33,"column":50}},"33":{"start":{"line":34,"column":0},"end":{"line":34,"column":31}},"34":{"start":{"line":35,"column":0},"end":{"line":35,"column":29}},"35":{"start":{"line":36,"column":0},"end":{"line":36,"column":31}},"36":{"start":{"line":37,"column":0},"end":{"line":37,"column":5}},"38":{"start":{"line":39,"column":0},"end":{"line":39,"column":34}},"39":{"start":{"line":40,"column":0},"end":{"line":40,"column":1}}},"s":{"0":1,"1":1,"7":13,"8":13,"9":8,"10":8,"11":13,"16":7,"17":7,"18":7,"19":7,"20":7,"21":7,"22":7,"23":7,"24":7,"25":3,"30":6,"31":6,"32":6,"33":6,"34":6,"35":6,"36":6,"38":2,"39":2},"branchMap":{"0":{"type":"branch","line":8,"loc":{"start":{"line":8,"column":0},"end":{"line":12,"column":1}},"locations":[{"start":{"line":8,"column":0},"end":{"line":12,"column":1}}]},"1":{"type":"branch","line":9,"loc":{"start":{"line":9,"column":7},"end":{"line":9,"column":50}},"locations":[{"start":{"line":9,"column":7},"end":{"line":9,"column":50}}]},"2":{"type":"branch","line":9,"loc":{"start":{"line":9,"column":45},"end":{"line":9,"column":80}},"locations":[{"start":{"line":9,"column":45},"end":{"line":9,"column":80}}]},"3":{"type":"branch","line":9,"loc":{"start":{"line":9,"column":75},"end":{"line":9,"column":103}},"locations":[{"start":{"line":9,"column":75},"end":{"line":9,"column":103}}]},"4":{"type":"branch","line":9,"loc":{"start":{"line":9,"column":103},"end":{"line":11,"column":3}},"locations":[{"start":{"line":9,"column":103},"end":{"line":11,"column":3}}]},"5":{"type":"branch","line":17,"loc":{"start":{"line":17,"column":0},"end":{"line":26,"column":1}},"locations":[{"start":{"line":17,"column":0},"end":{"line":26,"column":1}}]},"6":{"type":"branch","line":25,"loc":{"start":{"line":25,"column":3},"end":{"line":26,"column":1}},"locations":[{"start":{"line":25,"column":3},"end":{"line":26,"column":1}}]},"7":{"type":"branch","line":31,"loc":{"start":{"line":31,"column":0},"end":{"line":40,"column":1}},"locations":[{"start":{"line":31,"column":0},"end":{"line":40,"column":1}}]},"8":{"type":"branch","line":37,"loc":{"start":{"line":37,"column":3},"end":{"line":40,"column":1}},"locations":[{"start":{"line":37,"column":3},"end":{"line":40,"column":1}}]}},"b":{"0":[13],"1":[11],"2":[9],"3":[7],"4":[8],"5":[7],"6":[3],"7":[6],"8":[2]},"fnMap":{"0":{"name":"validateBranchName","decl":{"start":{"line":8,"column":0},"end":{"line":12,"column":1}},"loc":{"start":{"line":8,"column":0},"end":{"line":12,"column":1}},"line":8},"1":{"name":"pushBranch","decl":{"start":{"line":17,"column":0},"end":{"line":26,"column":1}},"loc":{"start":{"line":17,"column":0},"end":{"line":26,"column":1}},"line":17},"2":{"name":"getRef","decl":{"start":{"line":31,"column":0},"end":{"line":40,"column":1}},"loc":{"start":{"line":31,"column":0},"end":{"line":40,"column":1}},"line":31}},"f":{"0":13,"1":7,"2":6}}
,"/Users/ng/Documents/github/blast-furnace/src/github/client.ts": {"path":"/Users/ng/Documents/github/blast-furnace/src/github/client.ts","all":false,"statementMap":{"0":{"start":{"line":1,"column":0},"end":{"line":1,"column":40}},"1":{"start":{"line":2,"column":0},"end":{"line":2,"column":44}},"5":{"start":{"line":6,"column":0},"end":{"line":6,"column":52}},"6":{"start":{"line":7,"column":0},"end":{"line":7,"column":22}},"7":{"start":{"line":8,"column":0},"end":{"line":8,"column":30}},"8":{"start":{"line":9,"column":0},"end":{"line":9,"column":5}},"9":{"start":{"line":10,"column":0},"end":{"line":10,"column":1}},"11":{"start":{"line":12,"column":0},"end":{"line":12,"column":63}}},"s":{"0":1,"1":1,"5":1,"6":8,"7":8,"8":8,"9":8,"11":1},"branchMap":{"0":{"type":"branch","line":6,"loc":{"start":{"line":6,"column":7},"end":{"line":10,"column":1}},"locations":[{"start":{"line":6,"column":7},"end":{"line":10,"column":1}}]}},"b":{"0":[8]},"fnMap":{"0":{"name":"createGitHubClient","decl":{"start":{"line":6,"column":7},"end":{"line":10,"column":1}},"loc":{"start":{"line":6,"column":7},"end":{"line":10,"column":1}},"line":6}},"f":{"0":8}}
,"/Users/ng/Documents/github/blast-furnace/src/github/index.ts": {"path":"/Users/ng/Documents/github/blast-furnace/src/github/index.ts","all":false,"statementMap":{"4":{"start":{"line":5,"column":0},"end":{"line":5,"column":63}},"8":{"start":{"line":9,"column":0},"end":{"line":9,"column":42}},"12":{"start":{"line":13,"column":0},"end":{"line":13,"column":51}},"15":{"start":{"line":16,"column":0},"end":{"line":16,"column":54}}},"s":{"4":1,"8":1,"12":1,"15":1},"branchMap":{},"b":{},"fnMap":{},"f":{}}
,"/Users/ng/Documents/github/blast-furnace/src/github/issues.ts": {"path":"/Users/ng/Documents/github/blast-furnace/src/github/issues.ts","all":false,"statementMap":{"0":{"start":{"line":1,"column":0},"end":{"line":1,"column":43}},"1":{"start":{"line":2,"column":0},"end":{"line":2,"column":44}},"20":{"start":{"line":21,"column":0},"end":{"line":21,"column":32}},"21":{"start":{"line":22,"column":0},"end":{"line":22,"column":84}},"22":{"start":{"line":23,"column":0},"end":{"line":23,"column":16}},"23":{"start":{"line":24,"column":0},"end":{"line":24,"column":10}},"24":{"start":{"line":25,"column":0},"end":{"line":25,"column":17}},"25":{"start":{"line":26,"column":0},"end":{"line":26,"column":25}},"26":{"start":{"line":27,"column":0},"end":{"line":27,"column":23}},"27":{"start":{"line":28,"column":0},"end":{"line":28,"column":29}},"28":{"start":{"line":29,"column":0},"end":{"line":29,"column":85}},"29":{"start":{"line":30,"column":0},"end":{"line":30,"column":142}},"30":{"start":{"line":31,"column":0},"end":{"line":31,"column":44}},"31":{"start":{"line":32,"column":0},"end":{"line":32,"column":32}},"32":{"start":{"line":33,"column":0},"end":{"line":33,"column":32}},"33":{"start":{"line":34,"column":0},"end":{"line":34,"column":4}},"34":{"start":{"line":35,"column":0},"end":{"line":35,"column":1}},"39":{"start":{"line":40,"column":0},"end":{"line":40,"column":87}},"40":{"start":{"line":41,"column":0},"end":{"line":41,"column":77}},"42":{"start":{"line":43,"column":0},"end":{"line":43,"column":58}},"43":{"start":{"line":44,"column":0},"end":{"line":44,"column":40}},"44":{"start":{"line":45,"column":0},"end":{"line":45,"column":37}},"45":{"start":{"line":46,"column":0},"end":{"line":46,"column":11}},"46":{"start":{"line":47,"column":0},"end":{"line":47,"column":27}},"47":{"start":{"line":48,"column":0},"end":{"line":48,"column":13}},"48":{"start":{"line":49,"column":0},"end":{"line":49,"column":27}},"49":{"start":{"line":50,"column":0},"end":{"line":50,"column":32}},"50":{"start":{"line":51,"column":0},"end":{"line":51,"column":69}},"51":{"start":{"line":52,"column":0},"end":{"line":52,"column":21}},"52":{"start":{"line":53,"column":0},"end":{"line":53,"column":71}},"53":{"start":{"line":54,"column":0},"end":{"line":54,"column":5}},"55":{"start":{"line":56,"column":0},"end":{"line":56,"column":51}},"56":{"start":{"line":57,"column":0},"end":{"line":57,"column":1}}},"s":{"0":1,"1":1,"20":2,"21":2,"22":2,"23":2,"24":2,"25":2,"26":2,"27":2,"28":2,"29":2,"30":2,"31":2,"32":2,"33":2,"34":2,"39":4,"40":4,"42":4,"43":4,"44":4,"45":4,"46":4,"47":4,"48":4,"49":1,"50":1,"51":4,"52":4,"53":4,"55":4,"56":4},"branchMap":{"0":{"type":"branch","line":21,"loc":{"start":{"line":21,"column":0},"end":{"line":35,"column":1}},"locations":[{"start":{"line":21,"column":0},"end":{"line":35,"column":1}}]},"1":{"type":"branch","line":28,"loc":{"start":{"line":28,"column":16},"end":{"line":28,"column":29}},"locations":[{"start":{"line":28,"column":16},"end":{"line":28,"column":29}}]},"2":{"type":"branch","line":29,"loc":{"start":{"line":29,"column":27},"end":{"line":29,"column":64}},"locations":[{"start":{"line":29,"column":27},"end":{"line":29,"column":64}}]},"3":{"type":"branch","line":29,"loc":{"start":{"line":29,"column":70},"end":{"line":29,"column":85}},"locations":[{"start":{"line":29,"column":70},"end":{"line":29,"column":85}}]},"4":{"type":"branch","line":30,"loc":{"start":{"line":30,"column":134},"end":{"line":30,"column":142}},"locations":[{"start":{"line":30,"column":134},"end":{"line":30,"column":142}}]},"5":{"type":"branch","line":31,"loc":{"start":{"line":31,"column":20},"end":{"line":31,"column":39}},"locations":[{"start":{"line":31,"column":20},"end":{"line":31,"column":39}}]},"6":{"type":"branch","line":31,"loc":{"start":{"line":31,"column":30},"end":{"line":31,"column":44}},"locations":[{"start":{"line":31,"column":30},"end":{"line":31,"column":44}}]},"7":{"type":"branch","line":30,"loc":{"start":{"line":30,"column":30},"end":{"line":30,"column":90}},"locations":[{"start":{"line":30,"column":30},"end":{"line":30,"column":90}}]},"8":{"type":"branch","line":30,"loc":{"start":{"line":30,"column":59},"end":{"line":30,"column":78}},"locations":[{"start":{"line":30,"column":59},"end":{"line":30,"column":78}}]},"9":{"type":"branch","line":30,"loc":{"start":{"line":30,"column":70},"end":{"line":30,"column":90}},"locations":[{"start":{"line":30,"column":70},"end":{"line":30,"column":90}}]},"10":{"type":"branch","line":30,"loc":{"start":{"line":30,"column":99},"end":{"line":30,"column":134}},"locations":[{"start":{"line":30,"column":99},"end":{"line":30,"column":134}}]},"11":{"type":"branch","line":40,"loc":{"start":{"line":40,"column":0},"end":{"line":57,"column":1}},"locations":[{"start":{"line":40,"column":0},"end":{"line":57,"column":1}}]},"12":{"type":"branch","line":47,"loc":{"start":{"line":47,"column":11},"end":{"line":47,"column":27}},"locations":[{"start":{"line":47,"column":11},"end":{"line":47,"column":27}}]},"13":{"type":"branch","line":49,"loc":{"start":{"line":49,"column":11},"end":{"line":52,"column":11}},"locations":[{"start":{"line":49,"column":11},"end":{"line":52,"column":11}}]},"14":{"type":"branch","line":52,"loc":{"start":{"line":52,"column":7},"end":{"line":52,"column":21}},"locations":[{"start":{"line":52,"column":7},"end":{"line":52,"column":21}}]},"15":{"type":"branch","line":53,"loc":{"start":{"line":53,"column":29},"end":{"line":53,"column":61}},"locations":[{"start":{"line":53,"column":29},"end":{"line":53,"column":61}}]},"16":{"type":"branch","line":53,"loc":{"start":{"line":53,"column":57},"end":{"line":53,"column":71}},"locations":[{"start":{"line":53,"column":57},"end":{"line":53,"column":71}}]},"17":{"type":"branch","line":49,"loc":{"start":{"line":49,"column":20},"end":{"line":52,"column":7}},"locations":[{"start":{"line":49,"column":20},"end":{"line":52,"column":7}}]},"18":{"type":"branch","line":51,"loc":{"start":{"line":51,"column":37},"end":{"line":51,"column":53}},"locations":[{"start":{"line":51,"column":37},"end":{"line":51,"column":53}}]}},"b":{"0":[2],"1":[1],"2":[1],"3":[0],"4":[0],"5":[1],"6":[1],"7":[3],"8":[1],"9":[2],"10":[3],"11":[4],"12":[2],"13":[1],"14":[3],"15":[1],"16":[3],"17":[1],"18":[0]},"fnMap":{"0":{"name":"mapGitHubIssueResponse","decl":{"start":{"line":21,"column":0},"end":{"line":35,"column":1}},"loc":{"start":{"line":21,"column":0},"end":{"line":35,"column":1}},"line":21},"1":{"name":"fetchIssues","decl":{"start":{"line":40,"column":0},"end":{"line":57,"column":1}},"loc":{"start":{"line":40,"column":0},"end":{"line":57,"column":1}},"line":40}},"f":{"0":2,"1":4}}
,"/Users/ng/Documents/github/blast-furnace/src/github/pullRequests.ts": {"path":"/Users/ng/Documents/github/blast-furnace/src/github/pullRequests.ts","all":false,"statementMap":{"0":{"start":{"line":1,"column":0},"end":{"line":1,"column":43}},"1":{"start":{"line":2,"column":0},"end":{"line":2,"column":44}},"25":{"start":{"line":26,"column":0},"end":{"line":26,"column":106}},"26":{"start":{"line":27,"column":0},"end":{"line":27,"column":66}},"28":{"start":{"line":29,"column":0},"end":{"line":29,"column":54}},"29":{"start":{"line":30,"column":0},"end":{"line":30,"column":66}},"30":{"start":{"line":31,"column":0},"end":{"line":31,"column":3}},"32":{"start":{"line":33,"column":0},"end":{"line":33,"column":52}},"33":{"start":{"line":34,"column":0},"end":{"line":34,"column":31}},"34":{"start":{"line":35,"column":0},"end":{"line":35,"column":29}},"35":{"start":{"line":36,"column":0},"end":{"line":36,"column":10}},"36":{"start":{"line":37,"column":0},"end":{"line":37,"column":9}},"37":{"start":{"line":38,"column":0},"end":{"line":38,"column":9}},"38":{"start":{"line":39,"column":0},"end":{"line":39,"column":9}},"39":{"start":{"line":40,"column":0},"end":{"line":40,"column":10}},"40":{"start":{"line":41,"column":0},"end":{"line":41,"column":5}},"42":{"start":{"line":43,"column":0},"end":{"line":43,"column":10}},"43":{"start":{"line":44,"column":0},"end":{"line":44,"column":33}},"44":{"start":{"line":45,"column":0},"end":{"line":45,"column":36}},"45":{"start":{"line":46,"column":0},"end":{"line":46,"column":4}},"46":{"start":{"line":47,"column":0},"end":{"line":47,"column":1}}},"s":{"0":1,"1":1,"25":10,"26":10,"28":10,"29":6,"30":6,"32":4,"33":4,"34":4,"35":4,"36":4,"37":4,"38":4,"39":4,"40":4,"42":4,"43":4,"44":4,"45":4,"46":4},"branchMap":{"0":{"type":"branch","line":26,"loc":{"start":{"line":26,"column":0},"end":{"line":47,"column":1}},"locations":[{"start":{"line":26,"column":0},"end":{"line":47,"column":1}}]},"1":{"type":"branch","line":29,"loc":{"start":{"line":29,"column":18},"end":{"line":29,"column":39}},"locations":[{"start":{"line":29,"column":18},"end":{"line":29,"column":39}}]},"2":{"type":"branch","line":29,"loc":{"start":{"line":29,"column":34},"end":{"line":29,"column":53}},"locations":[{"start":{"line":29,"column":34},"end":{"line":29,"column":53}}]},"3":{"type":"branch","line":29,"loc":{"start":{"line":29,"column":53},"end":{"line":31,"column":3}},"locations":[{"start":{"line":29,"column":53},"end":{"line":31,"column":3}}]},"4":{"type":"branch","line":31,"loc":{"start":{"line":31,"column":2},"end":{"line":47,"column":1}},"locations":[{"start":{"line":31,"column":2},"end":{"line":47,"column":1}}]}},"b":{"0":[10],"1":[8],"2":[6],"3":[6],"4":[4]},"fnMap":{"0":{"name":"createPullRequest","decl":{"start":{"line":26,"column":0},"end":{"line":47,"column":1}},"loc":{"start":{"line":26,"column":0},"end":{"line":47,"column":1}},"line":26}},"f":{"0":10}}
,"/Users/ng/Documents/github/blast-furnace/src/github/types.ts": {"path":"/Users/ng/Documents/github/blast-furnace/src/github/types.ts","all":true,"statementMap":{},"s":{},"branchMap":{"0":{"type":"branch","line":1,"loc":{"start":{"line":1,"column":841},"end":{"line":42,"column":1}},"locations":[{"start":{"line":1,"column":841},"end":{"line":42,"column":1}}]}},"b":{"0":[1]},"fnMap":{"0":{"name":"(empty-report)","decl":{"start":{"line":1,"column":841},"end":{"line":42,"column":1}},"loc":{"start":{"line":1,"column":841},"end":{"line":42,"column":1}},"line":1}},"f":{"0":1}}
,"/Users/ng/Documents/github/blast-furnace/src/jobs/codex-provider.ts": {"path":"/Users/ng/Documents/github/blast-furnace/src/jobs/codex-provider.ts","all":false,"statementMap":{"0":{"start":{"line":1,"column":0},"end":{"line":1,"column":38}},"3":{"start":{"line":4,"column":0},"end":{"line":4,"column":46}},"4":{"start":{"line":5,"column":0},"end":{"line":5,"column":115}},"5":{"start":{"line":6,"column":0},"end":{"line":6,"column":62}},"7":{"start":{"line":8,"column":0},"end":{"line":8,"column":51}},"8":{"start":{"line":9,"column":0},"end":{"line":9,"column":47}},"13":{"start":{"line":14,"column":0},"end":{"line":14,"column":36}},"14":{"start":{"line":15,"column":0},"end":{"line":15,"column":21}},"15":{"start":{"line":16,"column":0},"end":{"line":16,"column":14}},"16":{"start":{"line":17,"column":0},"end":{"line":17,"column":45}},"17":{"start":{"line":18,"column":0},"end":{"line":18,"column":16}},"18":{"start":{"line":19,"column":0},"end":{"line":19,"column":18}},"19":{"start":{"line":20,"column":0},"end":{"line":20,"column":39}},"20":{"start":{"line":21,"column":0},"end":{"line":21,"column":59}},"21":{"start":{"line":22,"column":0},"end":{"line":22,"column":9}},"22":{"start":{"line":23,"column":0},"end":{"line":23,"column":77}},"23":{"start":{"line":24,"column":0},"end":{"line":24,"column":24}},"24":{"start":{"line":25,"column":0},"end":{"line":25,"column":19}},"25":{"start":{"line":26,"column":0},"end":{"line":26,"column":44}},"26":{"start":{"line":27,"column":0},"end":{"line":27,"column":52}},"27":{"start":{"line":28,"column":0},"end":{"line":28,"column":106}},"28":{"start":{"line":29,"column":0},"end":{"line":29,"column":53}},"29":{"start":{"line":30,"column":0},"end":{"line":30,"column":5}},"30":{"start":{"line":31,"column":0},"end":{"line":31,"column":3}},"31":{"start":{"line":32,"column":0},"end":{"line":32,"column":1}},"36":{"start":{"line":37,"column":0},"end":{"line":37,"column":71}},"37":{"start":{"line":38,"column":0},"end":{"line":38,"column":43}},"38":{"start":{"line":39,"column":0},"end":{"line":39,"column":46}},"39":{"start":{"line":40,"column":0},"end":{"line":40,"column":20}},"40":{"start":{"line":41,"column":0},"end":{"line":41,"column":20}},"42":{"start":{"line":43,"column":0},"end":{"line":43,"column":40}},"43":{"start":{"line":44,"column":0},"end":{"line":44,"column":32}},"44":{"start":{"line":45,"column":0},"end":{"line":45,"column":7}},"46":{"start":{"line":47,"column":0},"end":{"line":47,"column":40}},"47":{"start":{"line":48,"column":0},"end":{"line":48,"column":32}},"48":{"start":{"line":49,"column":0},"end":{"line":49,"column":7}},"50":{"start":{"line":51,"column":0},"end":{"line":51,"column":33}},"51":{"start":{"line":52,"column":0},"end":{"line":52,"column":23}},"52":{"start":{"line":53,"column":0},"end":{"line":53,"column":31}},"53":{"start":{"line":54,"column":0},"end":{"line":54,"column":14}},"54":{"start":{"line":55,"column":0},"end":{"line":55,"column":59}},"55":{"start":{"line":56,"column":0},"end":{"line":56,"column":7}},"56":{"start":{"line":57,"column":0},"end":{"line":57,"column":7}},"58":{"start":{"line":59,"column":0},"end":{"line":59,"column":30}},"59":{"start":{"line":60,"column":0},"end":{"line":60,"column":5}},"60":{"start":{"line":61,"column":0},"end":{"line":61,"column":1}},"72":{"start":{"line":73,"column":0},"end":{"line":73,"column":83}},"73":{"start":{"line":74,"column":0},"end":{"line":74,"column":38}},"74":{"start":{"line":75,"column":0},"end":{"line":75,"column":41}},"75":{"start":{"line":76,"column":0},"end":{"line":76,"column":79}},"76":{"start":{"line":77,"column":0},"end":{"line":77,"column":96}},"78":{"start":{"line":79,"column":0},"end":{"line":79,"column":91}},"81":{"start":{"line":82,"column":0},"end":{"line":82,"column":36}},"83":{"start":{"line":84,"column":0},"end":{"line":84,"column":7}},"84":{"start":{"line":85,"column":0},"end":{"line":85,"column":50}},"87":{"start":{"line":88,"column":0},"end":{"line":88,"column":41}},"88":{"start":{"line":89,"column":0},"end":{"line":89,"column":70}},"89":{"start":{"line":90,"column":0},"end":{"line":90,"column":44}},"92":{"start":{"line":93,"column":0},"end":{"line":93,"column":54}},"96":{"start":{"line":97,"column":0},"end":{"line":97,"column":60}},"98":{"start":{"line":99,"column":0},"end":{"line":99,"column":104}},"99":{"start":{"line":100,"column":0},"end":{"line":100,"column":23}},"100":{"start":{"line":101,"column":0},"end":{"line":101,"column":26}},"102":{"start":{"line":103,"column":0},"end":{"line":103,"column":23}},"104":{"start":{"line":105,"column":0},"end":{"line":105,"column":62}},"105":{"start":{"line":106,"column":0},"end":{"line":106,"column":81}},"106":{"start":{"line":107,"column":0},"end":{"line":107,"column":12}},"108":{"start":{"line":109,"column":0},"end":{"line":109,"column":103}},"109":{"start":{"line":110,"column":0},"end":{"line":110,"column":5}},"112":{"start":{"line":113,"column":0},"end":{"line":113,"column":108}},"116":{"start":{"line":117,"column":0},"end":{"line":117,"column":56}},"117":{"start":{"line":118,"column":0},"end":{"line":118,"column":56}},"118":{"start":{"line":119,"column":0},"end":{"line":119,"column":19}},"119":{"start":{"line":120,"column":0},"end":{"line":120,"column":38}},"120":{"start":{"line":121,"column":0},"end":{"line":121,"column":7}},"123":{"start":{"line":124,"column":0},"end":{"line":124,"column":47}},"124":{"start":{"line":125,"column":0},"end":{"line":125,"column":42}},"125":{"start":{"line":126,"column":0},"end":{"line":126,"column":17}},"126":{"start":{"line":127,"column":0},"end":{"line":127,"column":39}},"127":{"start":{"line":128,"column":0},"end":{"line":128,"column":7}},"128":{"start":{"line":129,"column":0},"end":{"line":129,"column":7}},"131":{"start":{"line":132,"column":0},"end":{"line":132,"column":47}},"132":{"start":{"line":133,"column":0},"end":{"line":133,"column":42}},"133":{"start":{"line":134,"column":0},"end":{"line":134,"column":17}},"134":{"start":{"line":135,"column":0},"end":{"line":135,"column":40}},"135":{"start":{"line":136,"column":0},"end":{"line":136,"column":7}},"136":{"start":{"line":137,"column":0},"end":{"line":137,"column":7}},"139":{"start":{"line":140,"column":0},"end":{"line":140,"column":69}},"140":{"start":{"line":141,"column":0},"end":{"line":141,"column":26}},"141":{"start":{"line":142,"column":0},"end":{"line":142,"column":42}},"142":{"start":{"line":143,"column":0},"end":{"line":143,"column":23}},"143":{"start":{"line":144,"column":0},"end":{"line":144,"column":25}},"144":{"start":{"line":145,"column":0},"end":{"line":145,"column":15}},"145":{"start":{"line":146,"column":0},"end":{"line":146,"column":9}},"146":{"start":{"line":147,"column":0},"end":{"line":147,"column":8}},"147":{"start":{"line":148,"column":0},"end":{"line":148,"column":38}},"148":{"start":{"line":149,"column":0},"end":{"line":149,"column":37}},"149":{"start":{"line":150,"column":0},"end":{"line":150,"column":88}},"150":{"start":{"line":151,"column":0},"end":{"line":151,"column":20}},"152":{"start":{"line":153,"column":0},"end":{"line":153,"column":42}},"153":{"start":{"line":154,"column":0},"end":{"line":154,"column":28}},"154":{"start":{"line":155,"column":0},"end":{"line":155,"column":41}},"155":{"start":{"line":156,"column":0},"end":{"line":156,"column":9}},"157":{"start":{"line":158,"column":0},"end":{"line":158,"column":41}},"158":{"start":{"line":159,"column":0},"end":{"line":159,"column":28}},"159":{"start":{"line":160,"column":0},"end":{"line":160,"column":34}},"160":{"start":{"line":161,"column":0},"end":{"line":161,"column":9}},"161":{"start":{"line":162,"column":0},"end":{"line":162,"column":7}},"163":{"start":{"line":164,"column":0},"end":{"line":164,"column":25}},"164":{"start":{"line":165,"column":0},"end":{"line":165,"column":65}},"165":{"start":{"line":166,"column":0},"end":{"line":166,"column":73}},"166":{"start":{"line":167,"column":0},"end":{"line":167,"column":5}},"168":{"start":{"line":169,"column":0},"end":{"line":169,"column":56}},"171":{"start":{"line":172,"column":0},"end":{"line":172,"column":9}},"173":{"start":{"line":174,"column":0},"end":{"line":174,"column":78}},"175":{"start":{"line":176,"column":0},"end":{"line":176,"column":19}},"176":{"start":{"line":177,"column":0},"end":{"line":177,"column":55}},"177":{"start":{"line":178,"column":0},"end":{"line":178,"column":53}},"178":{"start":{"line":179,"column":0},"end":{"line":179,"column":50}},"179":{"start":{"line":180,"column":0},"end":{"line":180,"column":89}},"180":{"start":{"line":181,"column":0},"end":{"line":181,"column":17}},"181":{"start":{"line":182,"column":0},"end":{"line":182,"column":10}},"182":{"start":{"line":183,"column":0},"end":{"line":183,"column":58}},"185":{"start":{"line":186,"column":0},"end":{"line":186,"column":59}},"186":{"start":{"line":187,"column":0},"end":{"line":187,"column":49}},"187":{"start":{"line":188,"column":0},"end":{"line":188,"column":75}},"188":{"start":{"line":189,"column":0},"end":{"line":189,"column":55}},"191":{"start":{"line":192,"column":0},"end":{"line":192,"column":48}},"192":{"start":{"line":193,"column":0},"end":{"line":193,"column":50}},"193":{"start":{"line":194,"column":0},"end":{"line":194,"column":66}},"194":{"start":{"line":195,"column":0},"end":{"line":195,"column":27}},"195":{"start":{"line":196,"column":0},"end":{"line":196,"column":23}},"196":{"start":{"line":197,"column":0},"end":{"line":197,"column":42}},"197":{"start":{"line":198,"column":0},"end":{"line":198,"column":11}},"198":{"start":{"line":199,"column":0},"end":{"line":199,"column":65}},"199":{"start":{"line":200,"column":0},"end":{"line":200,"column":14}},"200":{"start":{"line":201,"column":0},"end":{"line":201,"column":69}},"201":{"start":{"line":202,"column":0},"end":{"line":202,"column":7}},"202":{"start":{"line":203,"column":0},"end":{"line":203,"column":19}},"206":{"start":{"line":207,"column":0},"end":{"line":207,"column":51}},"207":{"start":{"line":208,"column":0},"end":{"line":208,"column":16}},"208":{"start":{"line":209,"column":0},"end":{"line":209,"column":5}},"210":{"start":{"line":211,"column":0},"end":{"line":211,"column":71}},"211":{"start":{"line":212,"column":0},"end":{"line":212,"column":13}},"213":{"start":{"line":214,"column":0},"end":{"line":214,"column":18}},"214":{"start":{"line":215,"column":0},"end":{"line":215,"column":68}},"215":{"start":{"line":216,"column":0},"end":{"line":216,"column":39}},"216":{"start":{"line":217,"column":0},"end":{"line":217,"column":5}},"217":{"start":{"line":218,"column":0},"end":{"line":218,"column":3}},"218":{"start":{"line":219,"column":0},"end":{"line":219,"column":1}},"223":{"start":{"line":224,"column":0},"end":{"line":224,"column":49}}},"s":{"0":1,"3":1,"4":1,"5":1,"7":1,"8":1,"13":16,"14":16,"15":16,"16":16,"17":16,"18":16,"19":16,"20":16,"21":18,"22":18,"23":15,"24":18,"25":3,"26":2,"27":2,"28":2,"29":2,"30":18,"31":2,"36":77,"37":77,"38":77,"39":77,"40":77,"42":77,"43":70,"44":77,"46":77,"47":69,"48":77,"50":77,"51":77,"52":63,"53":77,"54":14,"55":14,"56":77,"58":77,"59":77,"60":77,"72":16,"73":16,"74":16,"75":16,"76":16,"78":16,"81":16,"83":16,"84":16,"87":16,"88":16,"89":16,"92":16,"96":16,"98":15,"99":15,"100":15,"102":16,"104":9,"105":8,"106":16,"108":6,"109":5,"112":16,"116":16,"117":16,"118":16,"119":16,"120":16,"123":16,"124":0,"125":0,"126":0,"127":0,"128":16,"131":16,"132":1,"133":1,"134":1,"135":1,"136":16,"139":16,"140":12,"141":12,"142":12,"143":12,"144":12,"145":12,"146":12,"147":12,"148":0,"149":0,"150":12,"152":12,"153":12,"154":12,"155":12,"157":12,"158":0,"159":0,"160":12,"161":16,"163":16,"164":2,"165":2,"166":2,"168":10,"171":10,"173":10,"175":16,"176":4,"177":4,"178":4,"179":4,"180":4,"181":4,"182":3,"185":3,"186":3,"187":3,"188":2,"191":2,"192":2,"193":2,"194":2,"195":2,"196":2,"197":2,"198":1,"199":16,"200":6,"201":6,"202":16,"206":3,"207":3,"208":3,"210":7,"211":16,"213":16,"214":16,"215":16,"216":16,"217":16,"218":16,"223":1},"branchMap":{"0":{"type":"branch","line":14,"loc":{"start":{"line":14,"column":0},"end":{"line":32,"column":1}},"locations":[{"start":{"line":14,"column":0},"end":{"line":32,"column":1}}]},"1":{"type":"branch","line":21,"loc":{"start":{"line":21,"column":58},"end":{"line":31,"column":3}},"locations":[{"start":{"line":21,"column":58},"end":{"line":31,"column":3}}]},"2":{"type":"branch","line":23,"loc":{"start":{"line":23,"column":75},"end":{"line":25,"column":13}},"locations":[{"start":{"line":23,"column":75},"end":{"line":25,"column":13}}]},"3":{"type":"branch","line":25,"loc":{"start":{"line":25,"column":4},"end":{"line":30,"column":5}},"locations":[{"start":{"line":25,"column":4},"end":{"line":30,"column":5}}]},"4":{"type":"branch","line":26,"loc":{"start":{"line":26,"column":34},"end":{"line":26,"column":44}},"locations":[{"start":{"line":26,"column":34},"end":{"line":26,"column":44}}]},"5":{"type":"branch","line":26,"loc":{"start":{"line":26,"column":40},"end":{"line":30,"column":5}},"locations":[{"start":{"line":26,"column":40},"end":{"line":30,"column":5}}]},"6":{"type":"branch","line":31,"loc":{"start":{"line":31,"column":2},"end":{"line":32,"column":1}},"locations":[{"start":{"line":31,"column":2},"end":{"line":32,"column":1}}]},"7":{"type":"branch","line":29,"loc":{"start":{"line":29,"column":24},"end":{"line":29,"column":51}},"locations":[{"start":{"line":29,"column":24},"end":{"line":29,"column":51}}]},"8":{"type":"branch","line":37,"loc":{"start":{"line":37,"column":0},"end":{"line":61,"column":1}},"locations":[{"start":{"line":37,"column":0},"end":{"line":61,"column":1}}]},"9":{"type":"branch","line":38,"loc":{"start":{"line":38,"column":21},"end":{"line":60,"column":3}},"locations":[{"start":{"line":38,"column":21},"end":{"line":60,"column":3}}]},"10":{"type":"branch","line":43,"loc":{"start":{"line":43,"column":29},"end":{"line":45,"column":5}},"locations":[{"start":{"line":43,"column":29},"end":{"line":45,"column":5}}]},"11":{"type":"branch","line":47,"loc":{"start":{"line":47,"column":29},"end":{"line":49,"column":5}},"locations":[{"start":{"line":47,"column":29},"end":{"line":49,"column":5}}]},"12":{"type":"branch","line":51,"loc":{"start":{"line":51,"column":22},"end":{"line":57,"column":5}},"locations":[{"start":{"line":51,"column":22},"end":{"line":57,"column":5}}]},"13":{"type":"branch","line":52,"loc":{"start":{"line":52,"column":22},"end":{"line":54,"column":13}},"locations":[{"start":{"line":52,"column":22},"end":{"line":54,"column":13}}]},"14":{"type":"branch","line":54,"loc":{"start":{"line":54,"column":6},"end":{"line":56,"column":7}},"locations":[{"start":{"line":54,"column":6},"end":{"line":56,"column":7}}]},"15":{"type":"branch","line":73,"loc":{"start":{"line":73,"column":0},"end":{"line":219,"column":1}},"locations":[{"start":{"line":73,"column":0},"end":{"line":219,"column":1}}]},"16":{"type":"branch","line":76,"loc":{"start":{"line":76,"column":51},"end":{"line":76,"column":79}},"locations":[{"start":{"line":76,"column":51},"end":{"line":76,"column":79}}]},"17":{"type":"branch","line":97,"loc":{"start":{"line":97,"column":58},"end":{"line":103,"column":22}},"locations":[{"start":{"line":97,"column":58},"end":{"line":103,"column":22}}]},"18":{"type":"branch","line":103,"loc":{"start":{"line":103,"column":22},"end":{"line":107,"column":11}},"locations":[{"start":{"line":103,"column":22},"end":{"line":107,"column":11}}]},"19":{"type":"branch","line":105,"loc":{"start":{"line":105,"column":60},"end":{"line":106,"column":81}},"locations":[{"start":{"line":105,"column":60},"end":{"line":106,"column":81}}]},"20":{"type":"branch","line":106,"loc":{"start":{"line":106,"column":79},"end":{"line":107,"column":11}},"locations":[{"start":{"line":106,"column":79},"end":{"line":107,"column":11}}]},"21":{"type":"branch","line":107,"loc":{"start":{"line":107,"column":4},"end":{"line":110,"column":5}},"locations":[{"start":{"line":107,"column":4},"end":{"line":110,"column":5}}]},"22":{"type":"branch","line":109,"loc":{"start":{"line":109,"column":101},"end":{"line":110,"column":5}},"locations":[{"start":{"line":109,"column":101},"end":{"line":110,"column":5}}]},"23":{"type":"branch","line":110,"loc":{"start":{"line":110,"column":4},"end":{"line":113,"column":78}},"locations":[{"start":{"line":110,"column":4},"end":{"line":113,"column":78}}]},"24":{"type":"branch","line":113,"loc":{"start":{"line":113,"column":70},"end":{"line":113,"column":105}},"locations":[{"start":{"line":113,"column":70},"end":{"line":113,"column":105}}]},"25":{"type":"branch","line":124,"loc":{"start":{"line":124,"column":17},"end":{"line":124,"column":28}},"locations":[{"start":{"line":124,"column":17},"end":{"line":124,"column":28}}]},"26":{"type":"branch","line":132,"loc":{"start":{"line":132,"column":17},"end":{"line":132,"column":28}},"locations":[{"start":{"line":132,"column":17},"end":{"line":132,"column":28}}]},"27":{"type":"branch","line":162,"loc":{"start":{"line":162,"column":5},"end":{"line":164,"column":24}},"locations":[{"start":{"line":162,"column":5},"end":{"line":164,"column":24}}]},"28":{"type":"branch","line":164,"loc":{"start":{"line":164,"column":24},"end":{"line":167,"column":5}},"locations":[{"start":{"line":164,"column":24},"end":{"line":167,"column":5}}]},"29":{"type":"branch","line":167,"loc":{"start":{"line":167,"column":4},"end":{"line":176,"column":18}},"locations":[{"start":{"line":167,"column":4},"end":{"line":176,"column":18}}]},"30":{"type":"branch","line":176,"loc":{"start":{"line":176,"column":18},"end":{"line":200,"column":13}},"locations":[{"start":{"line":176,"column":18},"end":{"line":200,"column":13}}]},"31":{"type":"branch","line":182,"loc":{"start":{"line":182,"column":8},"end":{"line":188,"column":75}},"locations":[{"start":{"line":182,"column":8},"end":{"line":188,"column":75}}]},"32":{"type":"branch","line":188,"loc":{"start":{"line":188,"column":73},"end":{"line":198,"column":11}},"locations":[{"start":{"line":188,"column":73},"end":{"line":198,"column":11}}]},"33":{"type":"branch","line":198,"loc":{"start":{"line":198,"column":9},"end":{"line":200,"column":13}},"locations":[{"start":{"line":198,"column":9},"end":{"line":200,"column":13}}]},"34":{"type":"branch","line":200,"loc":{"start":{"line":200,"column":6},"end":{"line":202,"column":7}},"locations":[{"start":{"line":200,"column":6},"end":{"line":202,"column":7}}]},"35":{"type":"branch","line":203,"loc":{"start":{"line":203,"column":4},"end":{"line":209,"column":5}},"locations":[{"start":{"line":203,"column":4},"end":{"line":209,"column":5}}]},"36":{"type":"branch","line":209,"loc":{"start":{"line":209,"column":4},"end":{"line":212,"column":4}},"locations":[{"start":{"line":209,"column":4},"end":{"line":212,"column":4}}]},"37":{"type":"branch","line":100,"loc":{"start":{"line":100,"column":12},"end":{"line":100,"column":22}},"locations":[{"start":{"line":100,"column":12},"end":{"line":100,"column":22}}]},"38":{"type":"branch","line":101,"loc":{"start":{"line":101,"column":13},"end":{"line":101,"column":24}},"locations":[{"start":{"line":101,"column":13},"end":{"line":101,"column":24}}]},"39":{"type":"branch","line":132,"loc":{"start":{"line":132,"column":36},"end":{"line":137,"column":5}},"locations":[{"start":{"line":132,"column":36},"end":{"line":137,"column":5}}]},"40":{"type":"branch","line":140,"loc":{"start":{"line":140,"column":47},"end":{"line":162,"column":5}},"locations":[{"start":{"line":140,"column":47},"end":{"line":162,"column":5}}]},"41":{"type":"branch","line":142,"loc":{"start":{"line":142,"column":21},"end":{"line":147,"column":8}},"locations":[{"start":{"line":142,"column":21},"end":{"line":147,"column":8}}]},"42":{"type":"branch","line":153,"loc":{"start":{"line":153,"column":31},"end":{"line":156,"column":7}},"locations":[{"start":{"line":153,"column":31},"end":{"line":156,"column":7}}]},"43":{"type":"branch","line":155,"loc":{"start":{"line":155,"column":15},"end":{"line":155,"column":39}},"locations":[{"start":{"line":155,"column":15},"end":{"line":155,"column":39}}]},"44":{"type":"branch","line":155,"loc":{"start":{"line":155,"column":29},"end":{"line":155,"column":38}},"locations":[{"start":{"line":155,"column":29},"end":{"line":155,"column":38}}]}},"b":{"0":[16],"1":[18],"2":[15],"3":[3],"4":[1],"5":[2],"6":[2],"7":[2],"8":[77],"9":[77],"10":[70],"11":[69],"12":[77],"13":[63],"14":[14],"15":[16],"16":[15],"17":[15],"18":[9],"19":[8],"20":[7],"21":[6],"22":[5],"23":[12],"24":[1],"25":[12],"26":[12],"27":[12],"28":[2],"29":[10],"30":[4],"31":[3],"32":[2],"33":[1],"34":[6],"35":[3],"36":[7],"37":[9],"38":[6],"39":[1],"40":[12],"41":[12],"42":[12],"43":[12],"44":[0]},"fnMap":{"0":{"name":"fetchBranchWithRetry","decl":{"start":{"line":14,"column":0},"end":{"line":32,"column":1}},"loc":{"start":{"line":14,"column":0},"end":{"line":32,"column":1}},"line":14},"1":{"name":"execGitCommand","decl":{"start":{"line":37,"column":0},"end":{"line":61,"column":1}},"loc":{"start":{"line":37,"column":0},"end":{"line":61,"column":1}},"line":37},"2":{"name":"processCodex","decl":{"start":{"line":73,"column":0},"end":{"line":219,"column":1}},"loc":{"start":{"line":73,"column":0},"end":{"line":219,"column":1}},"line":73},"3":{"name":"exitCode","decl":{"start":{"line":140,"column":47},"end":{"line":162,"column":5}},"loc":{"start":{"line":140,"column":47},"end":{"line":162,"column":5}},"line":140},"4":{"name":"settle","decl":{"start":{"line":142,"column":21},"end":{"line":147,"column":8}},"loc":{"start":{"line":142,"column":21},"end":{"line":147,"column":8}},"line":142}},"f":{"0":16,"1":77,"2":16,"3":12,"4":12}}
,"/Users/ng/Documents/github/blast-furnace/src/jobs/index.ts": {"path":"/Users/ng/Documents/github/blast-furnace/src/jobs/index.ts","all":false,"statementMap":{"0":{"start":{"line":1,"column":0},"end":{"line":1,"column":51}},"2":{"start":{"line":3,"column":0},"end":{"line":3,"column":56}},"4":{"start":{"line":5,"column":0},"end":{"line":5,"column":46}},"7":{"start":{"line":8,"column":0},"end":{"line":8,"column":40}}},"s":{"0":1,"2":1,"4":1,"7":1},"branchMap":{},"b":{},"fnMap":{},"f":{}}
,"/Users/ng/Documents/github/blast-furnace/src/jobs/issue-processor.ts": {"path":"/Users/ng/Documents/github/blast-furnace/src/jobs/issue-processor.ts","all":false,"statementMap":{"2":{"start":{"line":3,"column":0},"end":{"line":3,"column":46}},"3":{"start":{"line":4,"column":0},"end":{"line":4,"column":59}},"4":{"start":{"line":5,"column":0},"end":{"line":5,"column":38}},"9":{"start":{"line":10,"column":0},"end":{"line":10,"column":40}},"10":{"start":{"line":11,"column":0},"end":{"line":11,"column":17}},"11":{"start":{"line":12,"column":0},"end":{"line":12,"column":18}},"12":{"start":{"line":13,"column":0},"end":{"line":13,"column":33}},"13":{"start":{"line":14,"column":0},"end":{"line":14,"column":25}},"14":{"start":{"line":15,"column":0},"end":{"line":15,"column":24}},"15":{"start":{"line":16,"column":0},"end":{"line":16,"column":12}},"18":{"start":{"line":19,"column":0},"end":{"line":19,"column":25}},"19":{"start":{"line":20,"column":0},"end":{"line":20,"column":49}},"20":{"start":{"line":21,"column":0},"end":{"line":21,"column":25}},"21":{"start":{"line":22,"column":0},"end":{"line":22,"column":39}},"22":{"start":{"line":23,"column":0},"end":{"line":23,"column":12}},"23":{"start":{"line":24,"column":0},"end":{"line":24,"column":31}},"24":{"start":{"line":25,"column":0},"end":{"line":25,"column":5}},"25":{"start":{"line":26,"column":0},"end":{"line":26,"column":3}},"28":{"start":{"line":29,"column":0},"end":{"line":29,"column":33}},"31":{"start":{"line":32,"column":0},"end":{"line":32,"column":25}},"32":{"start":{"line":33,"column":0},"end":{"line":33,"column":1}},"37":{"start":{"line":38,"column":0},"end":{"line":38,"column":84}},"38":{"start":{"line":39,"column":0},"end":{"line":39,"column":38}},"39":{"start":{"line":40,"column":0},"end":{"line":40,"column":29}},"41":{"start":{"line":42,"column":0},"end":{"line":42,"column":67}},"42":{"start":{"line":43,"column":0},"end":{"line":43,"column":58}},"45":{"start":{"line":46,"column":0},"end":{"line":46,"column":69}},"48":{"start":{"line":49,"column":0},"end":{"line":49,"column":48}},"49":{"start":{"line":50,"column":0},"end":{"line":50,"column":18}},"50":{"start":{"line":51,"column":0},"end":{"line":51,"column":7}},"51":{"start":{"line":52,"column":0},"end":{"line":52,"column":31}},"52":{"start":{"line":53,"column":0},"end":{"line":53,"column":17}},"53":{"start":{"line":54,"column":0},"end":{"line":54,"column":55}},"54":{"start":{"line":55,"column":0},"end":{"line":55,"column":14}},"55":{"start":{"line":56,"column":0},"end":{"line":56,"column":3}},"58":{"start":{"line":59,"column":0},"end":{"line":59,"column":7}},"59":{"start":{"line":60,"column":0},"end":{"line":60,"column":38}},"60":{"start":{"line":61,"column":0},"end":{"line":61,"column":17}},"61":{"start":{"line":62,"column":0},"end":{"line":62,"column":64}},"62":{"start":{"line":63,"column":0},"end":{"line":63,"column":14}},"63":{"start":{"line":64,"column":0},"end":{"line":64,"column":3}},"66":{"start":{"line":67,"column":0},"end":{"line":67,"column":7}},"67":{"start":{"line":68,"column":0},"end":{"line":68,"column":47}},"68":{"start":{"line":69,"column":0},"end":{"line":69,"column":81}},"69":{"start":{"line":70,"column":0},"end":{"line":70,"column":17}},"70":{"start":{"line":71,"column":0},"end":{"line":71,"column":78}},"71":{"start":{"line":72,"column":0},"end":{"line":72,"column":64}},"72":{"start":{"line":73,"column":0},"end":{"line":73,"column":3}},"75":{"start":{"line":76,"column":0},"end":{"line":76,"column":74}},"76":{"start":{"line":77,"column":0},"end":{"line":77,"column":46}},"77":{"start":{"line":78,"column":0},"end":{"line":78,"column":28}},"78":{"start":{"line":79,"column":0},"end":{"line":79,"column":27}},"79":{"start":{"line":80,"column":0},"end":{"line":80,"column":10}},"80":{"start":{"line":81,"column":0},"end":{"line":81,"column":15}},"81":{"start":{"line":82,"column":0},"end":{"line":82,"column":4}},"83":{"start":{"line":84,"column":0},"end":{"line":84,"column":7}},"84":{"start":{"line":85,"column":0},"end":{"line":85,"column":55}},"85":{"start":{"line":86,"column":0},"end":{"line":86,"column":73}},"86":{"start":{"line":87,"column":0},"end":{"line":87,"column":17}},"87":{"start":{"line":88,"column":0},"end":{"line":88,"column":92}},"88":{"start":{"line":89,"column":0},"end":{"line":89,"column":14}},"89":{"start":{"line":90,"column":0},"end":{"line":90,"column":3}},"90":{"start":{"line":91,"column":0},"end":{"line":91,"column":1}},"95":{"start":{"line":96,"column":0},"end":{"line":96,"column":50}}},"s":{"2":1,"3":1,"4":1,"9":9,"10":9,"11":9,"12":9,"13":9,"14":9,"15":9,"18":9,"19":0,"20":0,"21":0,"22":0,"23":0,"24":0,"25":0,"28":9,"31":9,"32":9,"37":9,"38":9,"39":9,"41":9,"42":9,"45":9,"48":9,"49":9,"50":9,"51":9,"52":9,"53":1,"54":1,"55":1,"58":8,"59":8,"60":9,"61":1,"62":1,"63":1,"66":7,"67":7,"68":7,"69":9,"70":0,"71":0,"72":0,"75":7,"76":7,"77":7,"78":7,"79":7,"80":7,"81":7,"83":7,"84":7,"85":6,"86":9,"87":1,"88":1,"89":1,"90":9,"95":1},"branchMap":{"0":{"type":"branch","line":10,"loc":{"start":{"line":10,"column":0},"end":{"line":33,"column":1}},"locations":[{"start":{"line":10,"column":0},"end":{"line":33,"column":1}}]},"1":{"type":"branch","line":19,"loc":{"start":{"line":19,"column":24},"end":{"line":26,"column":3}},"locations":[{"start":{"line":19,"column":24},"end":{"line":26,"column":3}}]},"2":{"type":"branch","line":32,"loc":{"start":{"line":32,"column":9},"end":{"line":32,"column":25}},"locations":[{"start":{"line":32,"column":9},"end":{"line":32,"column":25}}]},"3":{"type":"branch","line":38,"loc":{"start":{"line":38,"column":0},"end":{"line":91,"column":1}},"locations":[{"start":{"line":38,"column":0},"end":{"line":91,"column":1}}]},"4":{"type":"branch","line":43,"loc":{"start":{"line":43,"column":35},"end":{"line":43,"column":54}},"locations":[{"start":{"line":43,"column":35},"end":{"line":43,"column":54}}]},"5":{"type":"branch","line":52,"loc":{"start":{"line":52,"column":29},"end":{"line":53,"column":11}},"locations":[{"start":{"line":52,"column":29},"end":{"line":53,"column":11}}]},"6":{"type":"branch","line":53,"loc":{"start":{"line":53,"column":2},"end":{"line":56,"column":3}},"locations":[{"start":{"line":53,"column":2},"end":{"line":56,"column":3}}]},"7":{"type":"branch","line":56,"loc":{"start":{"line":56,"column":2},"end":{"line":60,"column":38}},"locations":[{"start":{"line":56,"column":2},"end":{"line":60,"column":38}}]},"8":{"type":"branch","line":60,"loc":{"start":{"line":60,"column":36},"end":{"line":61,"column":11}},"locations":[{"start":{"line":60,"column":36},"end":{"line":61,"column":11}}]},"9":{"type":"branch","line":61,"loc":{"start":{"line":61,"column":2},"end":{"line":64,"column":3}},"locations":[{"start":{"line":61,"column":2},"end":{"line":64,"column":3}}]},"10":{"type":"branch","line":64,"loc":{"start":{"line":64,"column":2},"end":{"line":70,"column":11}},"locations":[{"start":{"line":64,"column":2},"end":{"line":70,"column":11}}]},"11":{"type":"branch","line":70,"loc":{"start":{"line":70,"column":2},"end":{"line":73,"column":3}},"locations":[{"start":{"line":70,"column":2},"end":{"line":73,"column":3}}]},"12":{"type":"branch","line":73,"loc":{"start":{"line":73,"column":2},"end":{"line":85,"column":55}},"locations":[{"start":{"line":73,"column":2},"end":{"line":85,"column":55}}]},"13":{"type":"branch","line":85,"loc":{"start":{"line":85,"column":53},"end":{"line":87,"column":11}},"locations":[{"start":{"line":85,"column":53},"end":{"line":87,"column":11}}]},"14":{"type":"branch","line":87,"loc":{"start":{"line":87,"column":2},"end":{"line":90,"column":3}},"locations":[{"start":{"line":87,"column":2},"end":{"line":90,"column":3}}]}},"b":{"0":[9],"1":[0],"2":[0],"3":[9],"4":[1],"5":[8],"6":[1],"7":[8],"8":[7],"9":[1],"10":[7],"11":[0],"12":[7],"13":[6],"14":[1]},"fnMap":{"0":{"name":"slugify","decl":{"start":{"line":10,"column":0},"end":{"line":33,"column":1}},"loc":{"start":{"line":10,"column":0},"end":{"line":33,"column":1}},"line":10},"1":{"name":"processIssue","decl":{"start":{"line":38,"column":0},"end":{"line":91,"column":1}},"loc":{"start":{"line":38,"column":0},"end":{"line":91,"column":1}},"line":38}},"f":{"0":9,"1":9}}
,"/Users/ng/Documents/github/blast-furnace/src/jobs/issue-watcher.ts": {"path":"/Users/ng/Documents/github/blast-furnace/src/jobs/issue-watcher.ts","all":false,"statementMap":{"2":{"start":{"line":3,"column":0},"end":{"line":3,"column":38}},"3":{"start":{"line":4,"column":0},"end":{"line":4,"column":44}},"4":{"start":{"line":5,"column":0},"end":{"line":5,"column":50}},"5":{"start":{"line":6,"column":0},"end":{"line":6,"column":28}},"7":{"start":{"line":8,"column":0},"end":{"line":8,"column":55}},"8":{"start":{"line":9,"column":0},"end":{"line":9,"column":44}},"9":{"start":{"line":10,"column":0},"end":{"line":10,"column":31}},"10":{"start":{"line":11,"column":0},"end":{"line":11,"column":26}},"11":{"start":{"line":12,"column":0},"end":{"line":12,"column":26}},"12":{"start":{"line":13,"column":0},"end":{"line":13,"column":82}},"13":{"start":{"line":14,"column":0},"end":{"line":14,"column":3}},"19":{"start":{"line":20,"column":0},"end":{"line":20,"column":58}},"20":{"start":{"line":21,"column":0},"end":{"line":21,"column":34}},"22":{"start":{"line":23,"column":0},"end":{"line":23,"column":46}},"23":{"start":{"line":24,"column":0},"end":{"line":24,"column":78}},"24":{"start":{"line":25,"column":0},"end":{"line":25,"column":32}},"25":{"start":{"line":26,"column":0},"end":{"line":26,"column":43}},"26":{"start":{"line":27,"column":0},"end":{"line":27,"column":3}},"28":{"start":{"line":29,"column":0},"end":{"line":29,"column":7}},"30":{"start":{"line":31,"column":0},"end":{"line":31,"column":23}},"31":{"start":{"line":32,"column":0},"end":{"line":32,"column":14}},"32":{"start":{"line":33,"column":0},"end":{"line":33,"column":7}},"33":{"start":{"line":34,"column":0},"end":{"line":34,"column":46}},"34":{"start":{"line":35,"column":0},"end":{"line":35,"column":30}},"35":{"start":{"line":36,"column":0},"end":{"line":36,"column":31}},"36":{"start":{"line":37,"column":0},"end":{"line":37,"column":7}},"37":{"start":{"line":38,"column":0},"end":{"line":38,"column":17}},"38":{"start":{"line":39,"column":0},"end":{"line":39,"column":46}},"39":{"start":{"line":40,"column":0},"end":{"line":40,"column":10}},"40":{"start":{"line":41,"column":0},"end":{"line":41,"column":42}},"41":{"start":{"line":42,"column":0},"end":{"line":42,"column":7}},"42":{"start":{"line":43,"column":0},"end":{"line":43,"column":6}},"43":{"start":{"line":44,"column":0},"end":{"line":44,"column":17}},"45":{"start":{"line":46,"column":0},"end":{"line":46,"column":42}},"46":{"start":{"line":47,"column":0},"end":{"line":47,"column":31}},"47":{"start":{"line":48,"column":0},"end":{"line":48,"column":5}},"48":{"start":{"line":49,"column":0},"end":{"line":49,"column":14}},"49":{"start":{"line":50,"column":0},"end":{"line":50,"column":3}},"50":{"start":{"line":51,"column":0},"end":{"line":51,"column":1}},"55":{"start":{"line":56,"column":0},"end":{"line":56,"column":90}},"57":{"start":{"line":58,"column":0},"end":{"line":58,"column":63}},"58":{"start":{"line":59,"column":0},"end":{"line":59,"column":84}},"59":{"start":{"line":60,"column":0},"end":{"line":60,"column":58}},"62":{"start":{"line":63,"column":0},"end":{"line":63,"column":64}},"63":{"start":{"line":64,"column":0},"end":{"line":64,"column":59}},"65":{"start":{"line":66,"column":0},"end":{"line":66,"column":37}},"66":{"start":{"line":67,"column":0},"end":{"line":67,"column":9}},"67":{"start":{"line":68,"column":0},"end":{"line":68,"column":40}},"68":{"start":{"line":69,"column":0},"end":{"line":69,"column":40}},"69":{"start":{"line":70,"column":0},"end":{"line":70,"column":63}},"70":{"start":{"line":71,"column":0},"end":{"line":71,"column":7}},"71":{"start":{"line":72,"column":0},"end":{"line":72,"column":13}},"73":{"start":{"line":74,"column":0},"end":{"line":74,"column":5}},"74":{"start":{"line":75,"column":0},"end":{"line":75,"column":3}},"77":{"start":{"line":78,"column":0},"end":{"line":78,"column":27}},"78":{"start":{"line":79,"column":0},"end":{"line":79,"column":73}},"79":{"start":{"line":80,"column":0},"end":{"line":80,"column":3}},"82":{"start":{"line":83,"column":0},"end":{"line":83,"column":40}},"83":{"start":{"line":84,"column":0},"end":{"line":84,"column":38}},"84":{"start":{"line":85,"column":0},"end":{"line":85,"column":12}},"85":{"start":{"line":86,"column":0},"end":{"line":86,"column":11}},"86":{"start":{"line":87,"column":0},"end":{"line":87,"column":20}},"87":{"start":{"line":88,"column":0},"end":{"line":88,"column":28}},"88":{"start":{"line":89,"column":0},"end":{"line":89,"column":7}},"91":{"start":{"line":92,"column":0},"end":{"line":92,"column":33}},"92":{"start":{"line":93,"column":0},"end":{"line":93,"column":51}},"93":{"start":{"line":94,"column":0},"end":{"line":94,"column":60}},"94":{"start":{"line":95,"column":0},"end":{"line":95,"column":32}},"95":{"start":{"line":96,"column":0},"end":{"line":96,"column":14}},"96":{"start":{"line":97,"column":0},"end":{"line":97,"column":8}},"98":{"start":{"line":99,"column":0},"end":{"line":99,"column":58}},"99":{"start":{"line":100,"column":0},"end":{"line":100,"column":5}},"100":{"start":{"line":101,"column":0},"end":{"line":101,"column":3}},"103":{"start":{"line":104,"column":0},"end":{"line":104,"column":65}},"104":{"start":{"line":105,"column":0},"end":{"line":105,"column":1}},"109":{"start":{"line":110,"column":0},"end":{"line":110,"column":63}},"110":{"start":{"line":111,"column":0},"end":{"line":111,"column":78}},"111":{"start":{"line":112,"column":0},"end":{"line":112,"column":29}},"112":{"start":{"line":113,"column":0},"end":{"line":113,"column":3}},"113":{"start":{"line":114,"column":0},"end":{"line":114,"column":1}}},"s":{"2":1,"3":1,"4":1,"5":1,"7":1,"8":1,"9":1,"10":1,"11":1,"12":1,"13":1,"19":3,"20":3,"22":3,"23":3,"24":1,"25":1,"26":1,"28":3,"30":3,"31":3,"32":3,"33":3,"34":3,"35":3,"36":3,"37":3,"38":3,"39":3,"40":3,"41":3,"42":3,"43":3,"45":1,"46":1,"47":1,"48":1,"49":1,"50":3,"55":10,"57":10,"58":10,"59":10,"62":10,"63":10,"65":10,"66":7,"67":7,"68":7,"69":5,"70":5,"71":7,"73":2,"74":7,"77":10,"78":7,"79":7,"82":10,"83":12,"84":12,"85":12,"86":12,"87":12,"88":12,"91":12,"92":6,"93":6,"94":6,"95":6,"96":6,"98":6,"99":6,"100":11,"103":9,"104":9,"109":3,"110":3,"111":2,"112":2,"113":3},"branchMap":{"0":{"type":"branch","line":13,"loc":{"start":{"line":13,"column":32},"end":{"line":13,"column":82}},"locations":[{"start":{"line":13,"column":32},"end":{"line":13,"column":82}}]},"1":{"type":"branch","line":20,"loc":{"start":{"line":20,"column":0},"end":{"line":51,"column":1}},"locations":[{"start":{"line":20,"column":0},"end":{"line":51,"column":1}}]},"2":{"type":"branch","line":24,"loc":{"start":{"line":24,"column":29},"end":{"line":24,"column":77}},"locations":[{"start":{"line":24,"column":29},"end":{"line":24,"column":77}}]},"3":{"type":"branch","line":24,"loc":{"start":{"line":24,"column":77},"end":{"line":27,"column":3}},"locations":[{"start":{"line":24,"column":77},"end":{"line":27,"column":3}}]},"4":{"type":"branch","line":43,"loc":{"start":{"line":43,"column":4},"end":{"line":44,"column":11}},"locations":[{"start":{"line":43,"column":4},"end":{"line":44,"column":11}}]},"5":{"type":"branch","line":44,"loc":{"start":{"line":44,"column":2},"end":{"line":50,"column":3}},"locations":[{"start":{"line":44,"column":2},"end":{"line":50,"column":3}}]},"6":{"type":"branch","line":56,"loc":{"start":{"line":56,"column":0},"end":{"line":105,"column":1}},"locations":[{"start":{"line":56,"column":0},"end":{"line":105,"column":1}}]},"7":{"type":"branch","line":59,"loc":{"start":{"line":59,"column":28},"end":{"line":59,"column":74}},"locations":[{"start":{"line":59,"column":28},"end":{"line":59,"column":74}}]},"8":{"type":"branch","line":59,"loc":{"start":{"line":59,"column":70},"end":{"line":59,"column":84}},"locations":[{"start":{"line":59,"column":70},"end":{"line":59,"column":84}}]},"9":{"type":"branch","line":60,"loc":{"start":{"line":60,"column":25},"end":{"line":60,"column":56}},"locations":[{"start":{"line":60,"column":25},"end":{"line":60,"column":56}}]},"10":{"type":"branch","line":66,"loc":{"start":{"line":66,"column":36},"end":{"line":75,"column":3}},"locations":[{"start":{"line":66,"column":36},"end":{"line":75,"column":3}}]},"11":{"type":"branch","line":69,"loc":{"start":{"line":69,"column":17},"end":{"line":69,"column":39}},"locations":[{"start":{"line":69,"column":17},"end":{"line":69,"column":39}}]},"12":{"type":"branch","line":69,"loc":{"start":{"line":69,"column":39},"end":{"line":71,"column":7}},"locations":[{"start":{"line":69,"column":39},"end":{"line":71,"column":7}}]},"13":{"type":"branch","line":72,"loc":{"start":{"line":72,"column":4},"end":{"line":74,"column":5}},"locations":[{"start":{"line":72,"column":4},"end":{"line":74,"column":5}}]},"14":{"type":"branch","line":78,"loc":{"start":{"line":78,"column":26},"end":{"line":80,"column":3}},"locations":[{"start":{"line":78,"column":26},"end":{"line":80,"column":3}}]},"15":{"type":"branch","line":83,"loc":{"start":{"line":83,"column":39},"end":{"line":101,"column":3}},"locations":[{"start":{"line":83,"column":39},"end":{"line":101,"column":3}}]},"16":{"type":"branch","line":89,"loc":{"start":{"line":89,"column":5},"end":{"line":92,"column":32}},"locations":[{"start":{"line":89,"column":5},"end":{"line":92,"column":32}}]},"17":{"type":"branch","line":92,"loc":{"start":{"line":92,"column":32},"end":{"line":100,"column":5}},"locations":[{"start":{"line":92,"column":32},"end":{"line":100,"column":5}}]},"18":{"type":"branch","line":100,"loc":{"start":{"line":100,"column":4},"end":{"line":101,"column":3}},"locations":[{"start":{"line":100,"column":4},"end":{"line":101,"column":3}}]},"19":{"type":"branch","line":101,"loc":{"start":{"line":101,"column":2},"end":{"line":105,"column":1}},"locations":[{"start":{"line":101,"column":2},"end":{"line":105,"column":1}}]},"20":{"type":"branch","line":110,"loc":{"start":{"line":110,"column":0},"end":{"line":114,"column":1}},"locations":[{"start":{"line":110,"column":0},"end":{"line":114,"column":1}}]},"21":{"type":"branch","line":111,"loc":{"start":{"line":111,"column":29},"end":{"line":111,"column":77}},"locations":[{"start":{"line":111,"column":29},"end":{"line":111,"column":77}}]},"22":{"type":"branch","line":111,"loc":{"start":{"line":111,"column":77},"end":{"line":113,"column":3}},"locations":[{"start":{"line":111,"column":77},"end":{"line":113,"column":3}}]}},"b":{"0":[0],"1":[3],"2":[1],"3":[1],"4":[2],"5":[1],"6":[10],"7":[5],"8":[5],"9":[5],"10":[7],"11":[5],"12":[5],"13":[2],"14":[7],"15":[12],"16":[11],"17":[6],"18":[11],"19":[9],"20":[3],"21":[2],"22":[2]},"fnMap":{"0":{"name":"startIssueWatcher","decl":{"start":{"line":20,"column":0},"end":{"line":51,"column":1}},"loc":{"start":{"line":20,"column":0},"end":{"line":51,"column":1}},"line":20},"1":{"name":"issueWatcherHandler","decl":{"start":{"line":56,"column":0},"end":{"line":105,"column":1}},"loc":{"start":{"line":56,"column":0},"end":{"line":105,"column":1}},"line":56},"2":{"name":"closeIssueWatcherRedis","decl":{"start":{"line":110,"column":0},"end":{"line":114,"column":1}},"loc":{"start":{"line":110,"column":0},"end":{"line":114,"column":1}},"line":110}},"f":{"0":3,"1":10,"2":3}}
,"/Users/ng/Documents/github/blast-furnace/src/jobs/logger.ts": {"path":"/Users/ng/Documents/github/blast-furnace/src/jobs/logger.ts","all":false,"statementMap":{"2":{"start":{"line":3,"column":0},"end":{"line":3,"column":50}},"11":{"start":{"line":12,"column":0},"end":{"line":12,"column":66}},"12":{"start":{"line":13,"column":0},"end":{"line":13,"column":36}},"13":{"start":{"line":14,"column":0},"end":{"line":14,"column":47}},"14":{"start":{"line":15,"column":0},"end":{"line":15,"column":70}},"16":{"start":{"line":17,"column":0},"end":{"line":17,"column":10}},"17":{"start":{"line":18,"column":0},"end":{"line":18,"column":33}},"18":{"start":{"line":19,"column":0},"end":{"line":19,"column":27}},"19":{"start":{"line":20,"column":0},"end":{"line":20,"column":6}},"20":{"start":{"line":21,"column":0},"end":{"line":21,"column":34}},"21":{"start":{"line":22,"column":0},"end":{"line":22,"column":28}},"22":{"start":{"line":23,"column":0},"end":{"line":23,"column":6}},"23":{"start":{"line":24,"column":0},"end":{"line":24,"column":33}},"24":{"start":{"line":25,"column":0},"end":{"line":25,"column":27}},"25":{"start":{"line":26,"column":0},"end":{"line":26,"column":6}},"26":{"start":{"line":27,"column":0},"end":{"line":27,"column":34}},"27":{"start":{"line":28,"column":0},"end":{"line":28,"column":28}},"28":{"start":{"line":29,"column":0},"end":{"line":29,"column":6}},"29":{"start":{"line":30,"column":0},"end":{"line":30,"column":4}},"30":{"start":{"line":31,"column":0},"end":{"line":31,"column":1}}},"s":{"2":1,"11":1,"12":18,"13":18,"14":18,"16":18,"17":18,"18":114,"19":114,"20":18,"21":6,"22":6,"23":18,"24":2,"25":2,"26":18,"27":0,"28":0,"29":18,"30":18},"branchMap":{"0":{"type":"branch","line":12,"loc":{"start":{"line":12,"column":7},"end":{"line":31,"column":1}},"locations":[{"start":{"line":12,"column":7},"end":{"line":31,"column":1}}]},"1":{"type":"branch","line":13,"loc":{"start":{"line":13,"column":20},"end":{"line":13,"column":36}},"locations":[{"start":{"line":13,"column":20},"end":{"line":13,"column":36}}]},"2":{"type":"branch","line":14,"loc":{"start":{"line":14,"column":27},"end":{"line":14,"column":47}},"locations":[{"start":{"line":14,"column":27},"end":{"line":14,"column":47}}]},"3":{"type":"branch","line":18,"loc":{"start":{"line":18,"column":4},"end":{"line":20,"column":6}},"locations":[{"start":{"line":18,"column":4},"end":{"line":20,"column":6}}]},"4":{"type":"branch","line":21,"loc":{"start":{"line":21,"column":4},"end":{"line":23,"column":6}},"locations":[{"start":{"line":21,"column":4},"end":{"line":23,"column":6}}]},"5":{"type":"branch","line":24,"loc":{"start":{"line":24,"column":4},"end":{"line":26,"column":6}},"locations":[{"start":{"line":24,"column":4},"end":{"line":26,"column":6}}]}},"b":{"0":[18],"1":[1],"2":[0],"3":[114],"4":[6],"5":[2]},"fnMap":{"0":{"name":"createJobLogger","decl":{"start":{"line":12,"column":7},"end":{"line":31,"column":1}},"loc":{"start":{"line":12,"column":7},"end":{"line":31,"column":1}},"line":12},"1":{"name":"info","decl":{"start":{"line":18,"column":4},"end":{"line":20,"column":6}},"loc":{"start":{"line":18,"column":4},"end":{"line":20,"column":6}},"line":18},"2":{"name":"error","decl":{"start":{"line":21,"column":4},"end":{"line":23,"column":6}},"loc":{"start":{"line":21,"column":4},"end":{"line":23,"column":6}},"line":21},"3":{"name":"warn","decl":{"start":{"line":24,"column":4},"end":{"line":26,"column":6}},"loc":{"start":{"line":24,"column":4},"end":{"line":26,"column":6}},"line":24},"4":{"name":"debug","decl":{"start":{"line":27,"column":4},"end":{"line":29,"column":6}},"loc":{"start":{"line":27,"column":4},"end":{"line":29,"column":6}},"line":27}},"f":{"0":18,"1":114,"2":6,"3":2,"4":0}}
[...]
4,"column":3}},"locations":[{"start":{"line":128,"column":23},"end":{"line":134,"column":3}}]},"21":{"type":"branch","line":137,"loc":{"start":{"line":137,"column":24},"end":{"line":163,"column":3}},"locations":[{"start":{"line":137,"column":24},"end":{"line":163,"column":3}}]},"22":{"type":"branch","line":140,"loc":{"start":{"line":140,"column":15},"end":{"line":140,"column":37}},"locations":[{"start":{"line":140,"column":15},"end":{"line":140,"column":37}}]},"23":{"type":"branch","line":140,"loc":{"start":{"line":140,"column":37},"end":{"line":142,"column":5}},"locations":[{"start":{"line":140,"column":37},"end":{"line":142,"column":5}}]},"24":{"type":"branch","line":142,"loc":{"start":{"line":142,"column":4},"end":{"line":147,"column":18}},"locations":[{"start":{"line":142,"column":4},"end":{"line":147,"column":18}}]},"25":{"type":"branch","line":147,"loc":{"start":{"line":147,"column":9},"end":{"line":147,"column":25}},"locations":[{"start":{"line":147,"column":9},"end":{"line":147,"column":25}}]},"26":{"type":"branch","line":147,"loc":{"start":{"line":147,"column":25},"end":{"line":149,"column":5}},"locations":[{"start":{"line":147,"column":25},"end":{"line":149,"column":5}}]},"27":{"type":"branch","line":149,"loc":{"start":{"line":149,"column":4},"end":{"line":152,"column":44}},"locations":[{"start":{"line":149,"column":4},"end":{"line":152,"column":44}}]},"28":{"type":"branch","line":152,"loc":{"start":{"line":152,"column":39},"end":{"line":152,"column":77}},"locations":[{"start":{"line":152,"column":39},"end":{"line":152,"column":77}}]},"29":{"type":"branch","line":152,"loc":{"start":{"line":152,"column":77},"end":{"line":158,"column":23}},"locations":[{"start":{"line":152,"column":77},"end":{"line":158,"column":23}}]},"30":{"type":"branch","line":158,"loc":{"start":{"line":158,"column":23},"end":{"line":162,"column":42}},"locations":[{"start":{"line":158,"column":23},"end":{"line":162,"column":42}}]},"31":{"type":"branch","line":166,"loc":{"start":{"line":166,"column":84},"end":{"line":180,"column":3}},"locations":[{"start":{"line":166,"column":84},"end":{"line":180,"column":3}}]},"32":{"type":"branch","line":169,"loc":{"start":{"line":169,"column":25},"end":{"line":171,"column":5}},"locations":[{"start":{"line":169,"column":25},"end":{"line":171,"column":5}}]},"33":{"type":"branch","line":175,"loc":{"start":{"line":175,"column":18},"end":{"line":179,"column":53}},"locations":[{"start":{"line":175,"column":18},"end":{"line":179,"column":53}}]}},"b":{"0":[17],"1":[0],"2":[30],"3":[4],"4":[2],"5":[5],"6":[6],"7":[1],"8":[5],"9":[4],"10":[3],"11":[3],"12":[1],"13":[2],"14":[3],"15":[2],"16":[1],"17":[0],"18":[25],"19":[0],"20":[2],"21":[7],"22":[6],"23":[2],"24":[5],"25":[4],"26":[1],"27":[4],"28":[3],"29":[2],"30":[1],"31":[2],"32":[0],"33":[1]},"fnMap":{"0":{"name":"getRedisClient","decl":{"start":{"line":13,"column":0},"end":{"line":22,"column":1}},"loc":{"start":{"line":13,"column":0},"end":{"line":22,"column":1}},"line":13},"1":{"name":"setRedisClient","decl":{"start":{"line":24,"column":7},"end":{"line":26,"column":1}},"loc":{"start":{"line":24,"column":7},"end":{"line":26,"column":1}},"line":24},"2":{"name":"addRepo","decl":{"start":{"line":32,"column":0},"end":{"line":50,"column":1}},"loc":{"start":{"line":32,"column":0},"end":{"line":50,"column":1}},"line":32},"3":{"name":"listRepos","decl":{"start":{"line":55,"column":0},"end":{"line":69,"column":1}},"loc":{"start":{"line":55,"column":0},"end":{"line":69,"column":1}},"line":55},"4":{"name":"removeRepo","decl":{"start":{"line":75,"column":0},"end":{"line":92,"column":1}},"loc":{"start":{"line":75,"column":0},"end":{"line":92,"column":1}},"line":75},"5":{"name":"repoExists","decl":{"start":{"line":97,"column":0},"end":{"line":113,"column":1}},"loc":{"start":{"line":97,"column":0},"end":{"line":113,"column":1}},"line":97},"6":{"name":"reposRoute","decl":{"start":{"line":118,"column":0},"end":{"line":181,"column":1}},"loc":{"start":{"line":118,"column":0},"end":{"line":181,"column":1}},"line":118}},"f":{"0":17,"1":30,"2":4,"3":5,"4":5,"5":3,"6":25}}
,"/Users/ng/Documents/github/blast-furnace/src/types/index.ts": {"path":"/Users/ng/Documents/github/blast-furnace/src/types/index.ts","all":true,"statementMap":{},"s":{},"branchMap":{"0":{"type":"branch","line":1,"loc":{"start":{"line":1,"column":3169},"end":{"line":167,"column":1}},"locations":[{"start":{"line":1,"column":3169},"end":{"line":167,"column":1}}]}},"b":{"0":[1]},"fnMap":{"0":{"name":"(empty-report)","decl":{"start":{"line":1,"column":3169},"end":{"line":167,"column":1}},"loc":{"start":{"line":1,"column":3169},"end":{"line":167,"column":1}},"line":1}},"f":{"0":1}}
,"/Users/ng/Documents/github/blast-furnace/src/utils/logger.ts": {"path":"/Users/ng/Documents/github/blast-furnace/src/utils/logger.ts","all":false,"statementMap":{"18":{"start":{"line":19,"column":0},"end":{"line":19,"column":104}},"19":{"start":{"line":20,"column":0},"end":{"line":20,"column":10}},"20":{"start":{"line":21,"column":0},"end":{"line":21,"column":40}},"21":{"start":{"line":22,"column":0},"end":{"line":22,"column":10}},"22":{"start":{"line":23,"column":0},"end":{"line":23,"column":12}},"23":{"start":{"line":24,"column":0},"end":{"line":24,"column":12}},"24":{"start":{"line":25,"column":0},"end":{"line":25,"column":4}},"25":{"start":{"line":26,"column":0},"end":{"line":26,"column":1}},"27":{"start":{"line":28,"column":0},"end":{"line":28,"column":46}},"28":{"start":{"line":29,"column":0},"end":{"line":29,"column":42}},"29":{"start":{"line":30,"column":0},"end":{"line":30,"column":24}},"30":{"start":{"line":31,"column":0},"end":{"line":31,"column":17}},"31":{"start":{"line":32,"column":0},"end":{"line":32,"column":31}},"32":{"start":{"line":33,"column":0},"end":{"line":33,"column":12}},"33":{"start":{"line":34,"column":0},"end":{"line":34,"column":16}},"34":{"start":{"line":35,"column":0},"end":{"line":35,"column":30}},"35":{"start":{"line":36,"column":0},"end":{"line":36,"column":12}},"36":{"start":{"line":37,"column":0},"end":{"line":37,"column":16}},"37":{"start":{"line":38,"column":0},"end":{"line":38,"column":30}},"38":{"start":{"line":39,"column":0},"end":{"line":39,"column":12}},"39":{"start":{"line":40,"column":0},"end":{"line":40,"column":17}},"40":{"start":{"line":41,"column":0},"end":{"line":41,"column":31}},"41":{"start":{"line":42,"column":0},"end":{"line":42,"column":12}},"42":{"start":{"line":43,"column":0},"end":{"line":43,"column":3}},"43":{"start":{"line":44,"column":0},"end":{"line":44,"column":1}},"45":{"start":{"line":46,"column":0},"end":{"line":46,"column":137}},"46":{"start":{"line":47,"column":0},"end":{"line":47,"column":52}},"47":{"start":{"line":48,"column":0},"end":{"line":48,"column":43}},"48":{"start":{"line":49,"column":0},"end":{"line":49,"column":1}},"50":{"start":{"line":51,"column":0},"end":{"line":51,"column":80}},"51":{"start":{"line":52,"column":0},"end":{"line":52,"column":10}},"52":{"start":{"line":53,"column":0},"end":{"line":53,"column":69}},"53":{"start":{"line":54,"column":0},"end":{"line":54,"column":92}},"54":{"start":{"line":55,"column":0},"end":{"line":55,"column":26}},"55":{"start":{"line":56,"column":0},"end":{"line":56,"column":6}},"56":{"start":{"line":57,"column":0},"end":{"line":57,"column":68}},"57":{"start":{"line":58,"column":0},"end":{"line":58,"column":91}},"58":{"start":{"line":59,"column":0},"end":{"line":59,"column":26}},"59":{"start":{"line":60,"column":0},"end":{"line":60,"column":6}},"60":{"start":{"line":61,"column":0},"end":{"line":61,"column":68}},"61":{"start":{"line":62,"column":0},"end":{"line":62,"column":91}},"62":{"start":{"line":63,"column":0},"end":{"line":63,"column":26}},"63":{"start":{"line":64,"column":0},"end":{"line":64,"column":6}},"64":{"start":{"line":65,"column":0},"end":{"line":65,"column":69}},"65":{"start":{"line":66,"column":0},"end":{"line":66,"column":92}},"66":{"start":{"line":67,"column":0},"end":{"line":67,"column":26}},"67":{"start":{"line":68,"column":0},"end":{"line":68,"column":6}},"68":{"start":{"line":69,"column":0},"end":{"line":69,"column":4}},"69":{"start":{"line":70,"column":0},"end":{"line":70,"column":1}},"72":{"start":{"line":73,"column":0},"end":{"line":73,"column":37}}},"s":{"18":7,"19":7,"20":7,"21":7,"22":7,"23":7,"24":7,"25":7,"27":7,"28":7,"29":7,"30":7,"31":1,"32":1,"33":7,"34":4,"35":4,"36":7,"37":1,"38":1,"39":7,"40":1,"41":1,"42":7,"43":7,"45":7,"46":7,"47":1,"48":1,"50":1,"51":13,"52":13,"53":1,"54":1,"55":1,"56":13,"57":4,"58":4,"59":4,"60":13,"61":1,"62":1,"63":1,"64":13,"65":1,"66":1,"67":1,"68":13,"69":13,"72":1},"branchMap":{"0":{"type":"branch","line":19,"loc":{"start":{"line":19,"column":0},"end":{"line":26,"column":1}},"locations":[{"start":{"line":19,"column":0},"end":{"line":26,"column":1}}]},"1":{"type":"branch","line":28,"loc":{"start":{"line":28,"column":0},"end":{"line":44,"column":1}},"locations":[{"start":{"line":28,"column":0},"end":{"line":44,"column":1}}]},"2":{"type":"branch","line":31,"loc":{"start":{"line":31,"column":4},"end":{"line":33,"column":12}},"locations":[{"start":{"line":31,"column":4},"end":{"line":33,"column":12}}]},"3":{"type":"branch","line":34,"loc":{"start":{"line":34,"column":4},"end":{"line":36,"column":12}},"locations":[{"start":{"line":34,"column":4},"end":{"line":36,"column":12}}]},"4":{"type":"branch","line":37,"loc":{"start":{"line":37,"column":4},"end":{"line":39,"column":12}},"locations":[{"start":{"line":37,"column":4},"end":{"line":39,"column":12}}]},"5":{"type":"branch","line":40,"loc":{"start":{"line":40,"column":4},"end":{"line":42,"column":12}},"locations":[{"start":{"line":40,"column":4},"end":{"line":42,"column":12}}]},"6":{"type":"branch","line":46,"loc":{"start":{"line":46,"column":0},"end":{"line":49,"column":1}},"locations":[{"start":{"line":46,"column":0},"end":{"line":49,"column":1}}]},"7":{"type":"branch","line":47,"loc":{"start":{"line":47,"column":35},"end":{"line":47,"column":52}},"locations":[{"start":{"line":47,"column":35},"end":{"line":47,"column":52}}]},"8":{"type":"branch","line":47,"loc":{"start":{"line":47,"column":42},"end":{"line":49,"column":1}},"locations":[{"start":{"line":47,"column":42},"end":{"line":49,"column":1}}]},"9":{"type":"branch","line":51,"loc":{"start":{"line":51,"column":7},"end":{"line":70,"column":1}},"locations":[{"start":{"line":51,"column":7},"end":{"line":70,"column":1}}]},"10":{"type":"branch","line":53,"loc":{"start":{"line":53,"column":4},"end":{"line":56,"column":6}},"locations":[{"start":{"line":53,"column":4},"end":{"line":56,"column":6}}]},"11":{"type":"branch","line":57,"loc":{"start":{"line":57,"column":4},"end":{"line":60,"column":6}},"locations":[{"start":{"line":57,"column":4},"end":{"line":60,"column":6}}]},"12":{"type":"branch","line":61,"loc":{"start":{"line":61,"column":4},"end":{"line":64,"column":6}},"locations":[{"start":{"line":61,"column":4},"end":{"line":64,"column":6}}]},"13":{"type":"branch","line":65,"loc":{"start":{"line":65,"column":4},"end":{"line":68,"column":6}},"locations":[{"start":{"line":65,"column":4},"end":{"line":68,"column":6}}]}},"b":{"0":[7],"1":[7],"2":[1],"3":[4],"4":[1],"5":[1],"6":[7],"7":[6],"8":[1],"9":[13],"10":[1],"11":[4],"12":[1],"13":[1]},"fnMap":{"0":{"name":"formatLogEntry","decl":{"start":{"line":19,"column":0},"end":{"line":26,"column":1}},"loc":{"start":{"line":19,"column":0},"end":{"line":26,"column":1}},"line":19},"1":{"name":"logToConsole","decl":{"start":{"line":28,"column":0},"end":{"line":44,"column":1}},"loc":{"start":{"line":28,"column":0},"end":{"line":44,"column":1}},"line":28},"2":{"name":"mergeContext","decl":{"start":{"line":46,"column":0},"end":{"line":49,"column":1}},"loc":{"start":{"line":46,"column":0},"end":{"line":49,"column":1}},"line":46},"3":{"name":"createLogger","decl":{"start":{"line":51,"column":7},"end":{"line":70,"column":1}},"loc":{"start":{"line":51,"column":7},"end":{"line":70,"column":1}},"line":51},"4":{"name":"debug","decl":{"start":{"line":53,"column":4},"end":{"line":56,"column":6}},"loc":{"start":{"line":53,"column":4},"end":{"line":56,"column":6}},"line":53},"5":{"name":"info","decl":{"start":{"line":57,"column":4},"end":{"line":60,"column":6}},"loc":{"start":{"line":57,"column":4},"end":{"line":60,"column":6}},"line":57},"6":{"name":"warn","decl":{"start":{"line":61,"column":4},"end":{"line":64,"column":6}},"loc":{"start":{"line":61,"column":4},"end":{"line":64,"column":6}},"line":61},"7":{"name":"error","decl":{"start":{"line":65,"column":4},"end":{"line":68,"column":6}},"loc":{"start":{"line":65,"column":4},"end":{"line":68,"column":6}},"line":65}},"f":{"0":7,"1":7,"2":7,"3":13,"4":1,"5":4,"6":1,"7":1}}
,"/Users/ng/Documents/github/blast-furnace/src/utils/working-dir.ts": {"path":"/Users/ng/Documents/github/blast-furnace/src/utils/working-dir.ts","all":false,"statementMap":{"0":{"start":{"line":1,"column":0},"end":{"line":1,"column":36}},"1":{"start":{"line":2,"column":0},"end":{"line":2,"column":40}},"2":{"start":{"line":3,"column":0},"end":{"line":3,"column":38}},"3":{"start":{"line":4,"column":0},"end":{"line":4,"column":24}},"4":{"start":{"line":5,"column":0},"end":{"line":5,"column":44}},"9":{"start":{"line":10,"column":0},"end":{"line":10,"column":112}},"10":{"start":{"line":11,"column":0},"end":{"line":11,"column":35}},"11":{"start":{"line":12,"column":0},"end":{"line":12,"column":45}},"12":{"start":{"line":13,"column":0},"end":{"line":13,"column":20}},"13":{"start":{"line":14,"column":0},"end":{"line":14,"column":40}},"14":{"start":{"line":15,"column":0},"end":{"line":15,"column":32}},"15":{"start":{"line":16,"column":0},"end":{"line":16,"column":7}},"16":{"start":{"line":17,"column":0},"end":{"line":17,"column":33}},"17":{"start":{"line":18,"column":0},"end":{"line":18,"column":47}},"18":{"start":{"line":19,"column":0},"end":{"line":19,"column":7}},"19":{"start":{"line":20,"column":0},"end":{"line":20,"column":32}},"20":{"start":{"line":21,"column":0},"end":{"line":21,"column":52}},"21":{"start":{"line":22,"column":0},"end":{"line":22,"column":7}},"22":{"start":{"line":23,"column":0},"end":{"line":23,"column":5}},"23":{"start":{"line":24,"column":0},"end":{"line":24,"column":1}},"30":{"start":{"line":31,"column":0},"end":{"line":31,"column":77}},"31":{"start":{"line":32,"column":0},"end":{"line":32,"column":90}},"32":{"start":{"line":33,"column":0},"end":{"line":33,"column":80}},"33":{"start":{"line":34,"column":0},"end":{"line":34,"column":3}},"34":{"start":{"line":35,"column":0},"end":{"line":35,"column":32}},"35":{"start":{"line":36,"column":0},"end":{"line":36,"column":47}},"37":{"start":{"line":38,"column":0},"end":{"line":38,"column":44}},"39":{"start":{"line":40,"column":0},"end":{"line":40,"column":17}},"40":{"start":{"line":41,"column":0},"end":{"line":41,"column":1}},"47":{"start":{"line":48,"column":0},"end":{"line":48,"column":91}},"50":{"start":{"line":51,"column":0},"end":{"line":51,"column":95}},"52":{"start":{"line":53,"column":0},"end":{"line":53,"column":23}},"53":{"start":{"line":54,"column":0},"end":{"line":54,"column":51}},"54":{"start":{"line":55,"column":0},"end":{"line":55,"column":3}},"55":{"start":{"line":56,"column":0},"end":{"line":56,"column":1}},"61":{"start":{"line":62,"column":0},"end":{"line":62,"column":76}},"62":{"start":{"line":63,"column":0},"end":{"line":63,"column":44}},"63":{"start":{"line":64,"column":0},"end":{"line":64,"column":38}},"64":{"start":{"line":65,"column":0},"end":{"line":65,"column":76}},"65":{"start":{"line":66,"column":0},"end":{"line":66,"column":3}},"66":{"start":{"line":67,"column":0},"end":{"line":67,"column":57}},"67":{"start":{"line":68,"column":0},"end":{"line":68,"column":1}},"73":{"start":{"line":74,"column":0},"end":{"line":74,"column":44}},"74":{"start":{"line":75,"column":0},"end":{"line":75,"column":47}},"76":{"start":{"line":77,"column":0},"end":{"line":77,"column":60}},"77":{"start":{"line":78,"column":0},"end":{"line":78,"column":1}}},"s":{"0":1,"1":1,"2":1,"3":1,"4":1,"9":2,"10":2,"11":2,"12":2,"13":2,"14":1,"15":2,"16":2,"17":2,"18":2,"19":2,"20":0,"21":2,"22":2,"23":2,"30":6,"31":6,"32":3,"33":3,"34":3,"35":3,"37":3,"39":3,"40":3,"47":2,"50":2,"52":2,"53":1,"54":1,"55":2,"61":3,"62":3,"63":3,"64":2,"65":2,"66":1,"67":1,"73":1,"74":1,"76":1,"77":1},"branchMap":{"0":{"type":"branch","line":10,"loc":{"start":{"line":10,"column":0},"end":{"line":24,"column":1}},"locations":[{"start":{"line":10,"column":0},"end":{"line":24,"column":1}}]},"1":{"type":"branch","line":11,"loc":{"start":{"line":11,"column":21},"end":{"line":23,"column":3}},"locations":[{"start":{"line":11,"column":21},"end":{"line":23,"column":3}}]},"2":{"type":"branch","line":14,"loc":{"start":{"line":14,"column":29},"end":{"line":16,"column":5}},"locations":[{"start":{"line":14,"column":29},"end":{"line":16,"column":5}}]},"3":{"type":"branch","line":17,"loc":{"start":{"line":17,"column":22},"end":{"line":19,"column":5}},"locations":[{"start":{"line":17,"column":22},"end":{"line":19,"column":5}}]},"4":{"type":"branch","line":18,"loc":{"start":{"line":18,"column":26},"end":{"line":18,"column":37}},"locations":[{"start":{"line":18,"column":26},"end":{"line":18,"column":37}}]},"5":{"type":"branch","line":31,"loc":{"start":{"line":31,"column":0},"end":{"line":41,"column":1}},"locations":[{"start":{"line":31,"column":0},"end":{"line":41,"column":1}}]},"6":{"type":"branch","line":32,"loc":{"start":{"line":32,"column":36},"end":{"line":32,"column":66}},"locations":[{"start":{"line":32,"column":36},"end":{"line":32,"column":66}}]},"7":{"type":"branch","line":32,"loc":{"start":{"line":32,"column":61},"end":{"line":32,"column":89}},"locations":[{"start":{"line":32,"column":61},"end":{"line":32,"column":89}}]},"8":{"type":"branch","line":32,"loc":{"start":{"line":32,"column":89},"end":{"line":41,"column":1}},"locations":[{"start":{"line":32,"column":89},"end":{"line":41,"column":1}}]},"9":{"type":"branch","line":48,"loc":{"start":{"line":48,"column":0},"end":{"line":56,"column":1}},"locations":[{"start":{"line":48,"column":0},"end":{"line":56,"column":1}}]},"10":{"type":"branch","line":53,"loc":{"start":{"line":53,"column":22},"end":{"line":55,"column":3}},"locations":[{"start":{"line":53,"column":22},"end":{"line":55,"column":3}}]},"11":{"type":"branch","line":62,"loc":{"start":{"line":62,"column":0},"end":{"line":68,"column":1}},"locations":[{"start":{"line":62,"column":0},"end":{"line":68,"column":1}}]},"12":{"type":"branch","line":64,"loc":{"start":{"line":64,"column":37},"end":{"line":66,"column":3}},"locations":[{"start":{"line":64,"column":37},"end":{"line":66,"column":3}}]},"13":{"type":"branch","line":66,"loc":{"start":{"line":66,"column":2},"end":{"line":68,"column":1}},"locations":[{"start":{"line":66,"column":2},"end":{"line":68,"column":1}}]},"14":{"type":"branch","line":74,"loc":{"start":{"line":74,"column":7},"end":{"line":78,"column":1}},"locations":[{"start":{"line":74,"column":7},"end":{"line":78,"column":1}}]}},"b":{"0":[2],"1":[2],"2":[1],"3":[2],"4":[0],"5":[6],"6":[4],"7":[3],"8":[3],"9":[2],"10":[1],"11":[3],"12":[2],"13":[1],"14":[1]},"fnMap":{"0":{"name":"execCommand","decl":{"start":{"line":10,"column":0},"end":{"line":24,"column":1}},"loc":{"start":{"line":10,"column":0},"end":{"line":24,"column":1}},"line":10},"1":{"name":"createTempWorkingDir","decl":{"start":{"line":31,"column":0},"end":{"line":41,"column":1}},"loc":{"start":{"line":31,"column":0},"end":{"line":41,"column":1}},"line":31},"2":{"name":"cloneRepoInto","decl":{"start":{"line":48,"column":0},"end":{"line":56,"column":1}},"loc":{"start":{"line":48,"column":0},"end":{"line":56,"column":1}},"line":48},"3":{"name":"cleanupWorkingDir","decl":{"start":{"line":62,"column":0},"end":{"line":68,"column":1}},"loc":{"start":{"line":62,"column":0},"end":{"line":68,"column":1}},"line":62},"4":{"name":"getRepoRemoteUrl","decl":{"start":{"line":74,"column":7},"end":{"line":78,"column":1}},"loc":{"start":{"line":74,"column":7},"end":{"line":78,"column":1}},"line":74}},"f":{"0":2,"1":6,"2":2,"3":3,"4":1}}
}
