{"/Users/ng/Documents/github/blast-furnace/src/index.ts": {"path":"/Users/ng/Documents/github/blast-furnace/src/index.ts","all":true,"statementMap":{"0":{"start":{"line":1,"column":0},"end":{"line":1,"column":61}},"1":{"start":{"line":2,"column":0},"end":{"line":2,"column":43}},"2":{"start":{"line":3,"column":0},"end":{"line":3,"column":72}},"6":{"start":{"line":7,"column":0},"end":{"line":7,"column":64}},"7":{"start":{"line":8,"column":0},"end":{"line":8,"column":43}},"8":{"start":{"line":9,"column":0},"end":{"line":9,"column":27}},"11":{"start":{"line":12,"column":0},"end":{"line":12,"column":75}},"13":{"start":{"line":14,"column":0},"end":{"line":14,"column":1}},"15":{"start":{"line":16,"column":0},"end":{"line":16,"column":38}},"17":{"start":{"line":18,"column":0},"end":{"line":18,"column":29}},"18":{"start":{"line":19,"column":0},"end":{"line":19,"column":69}},"19":{"start":{"line":20,"column":0},"end":{"line":20,"column":3}},"20":{"start":{"line":21,"column":0},"end":{"line":21,"column":29}},"21":{"start":{"line":22,"column":0},"end":{"line":22,"column":69}},"22":{"start":{"line":23,"column":0},"end":{"line":23,"column":3}},"23":{"start":{"line":24,"column":0},"end":{"line":24,"column":28}},"24":{"start":{"line":25,"column":0},"end":{"line":25,"column":68}},"25":{"start":{"line":26,"column":0},"end":{"line":26,"column":3}},"27":{"start":{"line":28,"column":0},"end":{"line":28,"column":47}},"28":{"start":{"line":29,"column":0},"end":{"line":29,"column":41}},"31":{"start":{"line":32,"column":0},"end":{"line":32,"column":46}},"32":{"start":{"line":33,"column":0},"end":{"line":33,"column":1}},"35":{"start":{"line":36,"column":0},"end":{"line":36,"column":64}},"36":{"start":{"line":37,"column":0},"end":{"line":37,"column":23}},"37":{"start":{"line":38,"column":0},"end":{"line":38,"column":11}},"38":{"start":{"line":39,"column":0},"end":{"line":39,"column":3}},"39":{"start":{"line":40,"column":0},"end":{"line":40,"column":24}},"41":{"start":{"line":42,"column":0},"end":{"line":42,"column":65}},"43":{"start":{"line":44,"column":0},"end":{"line":44,"column":36}},"44":{"start":{"line":45,"column":0},"end":{"line":45,"column":61}},"45":{"start":{"line":46,"column":0},"end":{"line":46,"column":20}},"46":{"start":{"line":47,"column":0},"end":{"line":47,"column":12}},"47":{"start":{"line":48,"column":0},"end":{"line":48,"column":18}},"49":{"start":{"line":50,"column":0},"end":{"line":50,"column":39}},"51":{"start":{"line":52,"column":0},"end":{"line":52,"column":7}},"53":{"start":{"line":54,"column":0},"end":{"line":54,"column":17}},"54":{"start":{"line":55,"column":0},"end":{"line":55,"column":27}},"55":{"start":{"line":56,"column":0},"end":{"line":56,"column":5}},"56":{"start":{"line":57,"column":0},"end":{"line":57,"column":17}},"57":{"start":{"line":58,"column":0},"end":{"line":58,"column":72}},"58":{"start":{"line":59,"column":0},"end":{"line":59,"column":58}},"59":{"start":{"line":60,"column":0},"end":{"line":60,"column":3}},"60":{"start":{"line":61,"column":0},"end":{"line":61,"column":7}},"62":{"start":{"line":63,"column":0},"end":{"line":63,"column":17}},"63":{"start":{"line":64,"column":0},"end":{"line":64,"column":32}},"64":{"start":{"line":65,"column":0},"end":{"line":65,"column":5}},"65":{"start":{"line":66,"column":0},"end":{"line":66,"column":17}},"66":{"start":{"line":67,"column":0},"end":{"line":67,"column":72}},"67":{"start":{"line":68,"column":0},"end":{"line":68,"column":58}},"68":{"start":{"line":69,"column":0},"end":{"line":69,"column":3}},"69":{"start":{"line":70,"column":0},"end":{"line":70,"column":7}},"71":{"start":{"line":72,"column":0},"end":{"line":72,"column":23}},"72":{"start":{"line":73,"column":0},"end":{"line":73,"column":17}},"73":{"start":{"line":74,"column":0},"end":{"line":74,"column":72}},"74":{"start":{"line":75,"column":0},"end":{"line":75,"column":57}},"75":{"start":{"line":76,"column":0},"end":{"line":76,"column":3}},"77":{"start":{"line":78,"column":0},"end":{"line":78,"column":24}},"78":{"start":{"line":79,"column":0},"end":{"line":79,"column":38}},"79":{"start":{"line":80,"column":0},"end":{"line":80,"column":1}},"81":{"start":{"line":82,"column":0},"end":{"line":82,"column":47}},"82":{"start":{"line":83,"column":0},"end":{"line":83,"column":49}},"84":{"start":{"line":85,"column":0},"end":{"line":85,"column":23}},"85":{"start":{"line":86,"column":0},"end":{"line":86,"column":48}},"86":{"start":{"line":87,"column":0},"end":{"line":87,"column":18}},"87":{"start":{"line":88,"column":0},"end":{"line":88,"column":3}}},"s":{"0":0,"1":0,"2":0,"6":0,"7":0,"8":0,"11":0,"13":0,"15":0,"17":0,"18":0,"19":0,"20":0,"21":0,"22":0,"23":0,"24":0,"25":0,"27":0,"28":0,"31":0,"32":0,"35":0,"36":0,"37":0,"38":0,"39":0,"41":0,"43":0,"44":0,"45":0,"46":0,"47":0,"49":0,"51":0,"53":0,"54":0,"55":0,"56":0,"57":0,"58":0,"59":0,"60":0,"62":0,"63":0,"64":0,"65":0,"66":0,"67":0,"68":0,"69":0,"71":0,"72":0,"73":0,"74":0,"75":0,"77":0,"78":0,"79":0,"81":0,"82":0,"84":0,"85":0,"86":0,"87":0},"branchMap":{"0":{"type":"branch","line":1,"loc":{"start":{"line":1,"column":2665},"end":{"line":88,"column":3}},"locations":[{"start":{"line":1,"column":2665},"end":{"line":88,"column":3}}]}},"b":{"0":[0]},"fnMap":{"0":{"name":"(empty-report)","decl":{"start":{"line":1,"column":2665},"end":{"line":88,"column":3}},"loc":{"start":{"line":1,"column":2665},"end":{"line":88,"column":3}},"line":1}},"f":{"0":0}}
,"/Users/ng/Documents/github/blast-furnace/src/config/index.ts": {"path":"/Users/ng/Documents/github/blast-furnace/src/config/index.ts","all":false,"statementMap":{"2":{"start":{"line":3,"column":0},"end":{"line":3,"column":75}},"3":{"start":{"line":4,"column":0},"end":{"line":4,"column":59}},"4":{"start":{"line":5,"column":0},"end":{"line":5,"column":61}},"5":{"start":{"line":6,"column":0},"end":{"line":6,"column":22}},"6":{"start":{"line":7,"column":0},"end":{"line":7,"column":3}},"7":{"start":{"line":8,"column":0},"end":{"line":8,"column":16}},"8":{"start":{"line":9,"column":0},"end":{"line":9,"column":1}},"10":{"start":{"line":11,"column":0},"end":{"line":11,"column":34}},"11":{"start":{"line":12,"column":0},"end":{"line":12,"column":10}},"12":{"start":{"line":13,"column":0},"end":{"line":13,"column":50}},"13":{"start":{"line":14,"column":0},"end":{"line":14,"column":47}},"14":{"start":{"line":15,"column":0},"end":{"line":15,"column":12}},"15":{"start":{"line":16,"column":0},"end":{"line":16,"column":53}},"16":{"start":{"line":17,"column":0},"end":{"line":17,"column":55}},"17":{"start":{"line":18,"column":0},"end":{"line":18,"column":59}},"18":{"start":{"line":19,"column":0},"end":{"line":19,"column":6}},"19":{"start":{"line":20,"column":0},"end":{"line":20,"column":13}},"20":{"start":{"line":21,"column":0},"end":{"line":21,"column":47}},"21":{"start":{"line":22,"column":0},"end":{"line":22,"column":47}},"22":{"start":{"line":23,"column":0},"end":{"line":23,"column":45}},"23":{"start":{"line":24,"column":0},"end":{"line":24,"column":6}},"24":{"start":{"line":25,"column":0},"end":{"line":25,"column":4}},"25":{"start":{"line":26,"column":0},"end":{"line":26,"column":1}},"27":{"start":{"line":28,"column":0},"end":{"line":28,"column":35}}},"s":{"2":4,"3":4,"4":4,"5":0,"6":0,"7":4,"8":4,"10":2,"11":2,"12":2,"13":2,"14":2,"15":2,"16":2,"17":2,"18":2,"19":2,"20":2,"21":2,"22":2,"23":2,"24":2,"25":2,"27":1},"branchMap":{"0":{"type":"branch","line":3,"loc":{"start":{"line":3,"column":0},"end":{"line":9,"column":1}},"locations":[{"start":{"line":3,"column":0},"end":{"line":9,"column":1}}]},"1":{"type":"branch","line":4,"loc":{"start":{"line":4,"column":26},"end":{"line":4,"column":55}},"locations":[{"start":{"line":4,"column":26},"end":{"line":4,"column":55}}]},"2":{"type":"branch","line":5,"loc":{"start":{"line":5,"column":60},"end":{"line":7,"column":3}},"locations":[{"start":{"line":5,"column":60},"end":{"line":7,"column":3}}]},"3":{"type":"branch","line":11,"loc":{"start":{"line":11,"column":0},"end":{"line":26,"column":1}},"locations":[{"start":{"line":11,"column":0},"end":{"line":26,"column":1}}]},"4":{"type":"branch","line":13,"loc":{"start":{"line":13,"column":31},"end":{"line":13,"column":50}},"locations":[{"start":{"line":13,"column":31},"end":{"line":13,"column":50}}]},"5":{"type":"branch","line":16,"loc":{"start":{"line":16,"column":36},"end":{"line":16,"column":53}},"locations":[{"start":{"line":16,"column":36},"end":{"line":16,"column":53}}]},"6":{"type":"branch","line":21,"loc":{"start":{"line":21,"column":39},"end":{"line":21,"column":47}},"locations":[{"start":{"line":21,"column":39},"end":{"line":21,"column":47}}]},"7":{"type":"branch","line":22,"loc":{"start":{"line":22,"column":39},"end":{"line":22,"column":47}},"locations":[{"start":{"line":22,"column":39},"end":{"line":22,"column":47}}]},"8":{"type":"branch","line":23,"loc":{"start":{"line":23,"column":37},"end":{"line":23,"column":45}},"locations":[{"start":{"line":23,"column":37},"end":{"line":23,"column":45}}]}},"b":{"0":[4],"1":[2],"2":[0],"3":[2],"4":[1],"5":[1],"6":[1],"7":[1],"8":[1]},"fnMap":{"0":{"name":"parsePort","decl":{"start":{"line":3,"column":0},"end":{"line":9,"column":1}},"loc":{"start":{"line":3,"column":0},"end":{"line":9,"column":1}},"line":3},"1":{"name":"loadConfig","decl":{"start":{"line":11,"column":0},"end":{"line":26,"column":1}},"loc":{"start":{"line":11,"column":0},"end":{"line":26,"column":1}},"line":11}},"f":{"0":4,"1":2}}
,"/Users/ng/Documents/github/blast-furnace/src/github/branches.ts": {"path":"/Users/ng/Documents/github/blast-furnace/src/github/branches.ts","all":false,"statementMap":{"0":{"start":{"line":1,"column":0},"end":{"line":1,"column":43}},"1":{"start":{"line":2,"column":0},"end":{"line":2,"column":44}},"6":{"start":{"line":7,"column":0},"end":{"line":7,"column":97}},"7":{"start":{"line":8,"column":0},"end":{"line":8,"column":36}},"8":{"start":{"line":9,"column":0},"end":{"line":9,"column":31}},"9":{"start":{"line":10,"column":0},"end":{"line":10,"column":29}},"10":{"start":{"line":11,"column":0},"end":{"line":11,"column":36}},"11":{"start":{"line":12,"column":0},"end":{"line":12,"column":8}},"12":{"start":{"line":13,"column":0},"end":{"line":13,"column":10}},"13":{"start":{"line":14,"column":0},"end":{"line":14,"column":5}},"14":{"start":{"line":15,"column":0},"end":{"line":15,"column":1}},"19":{"start":{"line":20,"column":0},"end":{"line":20,"column":67}},"20":{"start":{"line":21,"column":0},"end":{"line":21,"column":50}},"21":{"start":{"line":22,"column":0},"end":{"line":22,"column":31}},"22":{"start":{"line":23,"column":0},"end":{"line":23,"column":29}},"23":{"start":{"line":24,"column":0},"end":{"line":24,"column":31}},"24":{"start":{"line":25,"column":0},"end":{"line":25,"column":5}},"26":{"start":{"line":27,"column":0},"end":{"line":27,"column":34}},"27":{"start":{"line":28,"column":0},"end":{"line":28,"column":1}}},"s":{"0":1,"1":1,"6":3,"7":3,"8":3,"9":3,"10":3,"11":3,"12":3,"13":3,"14":3,"19":2,"20":2,"21":2,"22":2,"23":2,"24":2,"26":2,"27":2},"branchMap":{"0":{"type":"branch","line":7,"loc":{"start":{"line":7,"column":0},"end":{"line":15,"column":1}},"locations":[{"start":{"line":7,"column":0},"end":{"line":15,"column":1}}]},"1":{"type":"branch","line":20,"loc":{"start":{"line":20,"column":0},"end":{"line":28,"column":1}},"locations":[{"start":{"line":20,"column":0},"end":{"line":28,"column":1}}]}},"b":{"0":[3],"1":[2]},"fnMap":{"0":{"name":"pushBranch","decl":{"start":{"line":7,"column":0},"end":{"line":15,"column":1}},"loc":{"start":{"line":7,"column":0},"end":{"line":15,"column":1}},"line":7},"1":{"name":"getRef","decl":{"start":{"line":20,"column":0},"end":{"line":28,"column":1}},"loc":{"start":{"line":20,"column":0},"end":{"line":28,"column":1}},"line":20}},"f":{"0":3,"1":2}}
,"/Users/ng/Documents/github/blast-furnace/src/github/client.ts": {"path":"/Users/ng/Documents/github/blast-furnace/src/github/client.ts","all":false,"statementMap":{"0":{"start":{"line":1,"column":0},"end":{"line":1,"column":40}},"1":{"start":{"line":2,"column":0},"end":{"line":2,"column":44}},"5":{"start":{"line":6,"column":0},"end":{"line":6,"column":52}},"6":{"start":{"line":7,"column":0},"end":{"line":7,"column":22}},"7":{"start":{"line":8,"column":0},"end":{"line":8,"column":30}},"8":{"start":{"line":9,"column":0},"end":{"line":9,"column":5}},"9":{"start":{"line":10,"column":0},"end":{"line":10,"column":1}},"11":{"start":{"line":12,"column":0},"end":{"line":12,"column":49}}},"s":{"0":1,"1":1,"5":1,"6":5,"7":5,"8":5,"9":5,"11":1},"branchMap":{"0":{"type":"branch","line":6,"loc":{"start":{"line":6,"column":7},"end":{"line":10,"column":1}},"locations":[{"start":{"line":6,"column":7},"end":{"line":10,"column":1}}]}},"b":{"0":[5]},"fnMap":{"0":{"name":"createGitHubClient","decl":{"start":{"line":6,"column":7},"end":{"line":10,"column":1}},"loc":{"start":{"line":6,"column":7},"end":{"line":10,"column":1}},"line":6}},"f":{"0":5}}
,"/Users/ng/Documents/github/blast-furnace/src/github/index.ts": {"path":"/Users/ng/Documents/github/blast-furnace/src/github/index.ts","all":false,"statementMap":{"4":{"start":{"line":5,"column":0},"end":{"line":5,"column":63}},"8":{"start":{"line":9,"column":0},"end":{"line":9,"column":42}},"12":{"start":{"line":13,"column":0},"end":{"line":13,"column":51}},"15":{"start":{"line":16,"column":0},"end":{"line":16,"column":54}}},"s":{"4":1,"8":1,"12":1,"15":1},"branchMap":{},"b":{},"fnMap":{},"f":{}}
,"/Users/ng/Documents/github/blast-furnace/src/github/issues.ts": {"path":"/Users/ng/Documents/github/blast-furnace/src/github/issues.ts","all":false,"statementMap":{"0":{"start":{"line":1,"column":0},"end":{"line":1,"column":43}},"1":{"start":{"line":2,"column":0},"end":{"line":2,"column":44}},"18":{"start":{"line":19,"column":0},"end":{"line":19,"column":32}},"19":{"start":{"line":20,"column":0},"end":{"line":20,"column":84}},"20":{"start":{"line":21,"column":0},"end":{"line":21,"column":16}},"21":{"start":{"line":22,"column":0},"end":{"line":22,"column":10}},"22":{"start":{"line":23,"column":0},"end":{"line":23,"column":17}},"23":{"start":{"line":24,"column":0},"end":{"line":24,"column":25}},"24":{"start":{"line":25,"column":0},"end":{"line":25,"column":23}},"25":{"start":{"line":26,"column":0},"end":{"line":26,"column":21}},"26":{"start":{"line":27,"column":0},"end":{"line":27,"column":44}},"27":{"start":{"line":28,"column":0},"end":{"line":28,"column":90}},"28":{"start":{"line":29,"column":0},"end":{"line":29,"column":44}},"29":{"start":{"line":30,"column":0},"end":{"line":30,"column":32}},"30":{"start":{"line":31,"column":0},"end":{"line":31,"column":32}},"31":{"start":{"line":32,"column":0},"end":{"line":32,"column":4}},"32":{"start":{"line":33,"column":0},"end":{"line":33,"column":1}},"37":{"start":{"line":38,"column":0},"end":{"line":38,"column":87}},"38":{"start":{"line":39,"column":0},"end":{"line":39,"column":64}},"40":{"start":{"line":41,"column":0},"end":{"line":41,"column":58}},"41":{"start":{"line":42,"column":0},"end":{"line":42,"column":31}},"42":{"start":{"line":43,"column":0},"end":{"line":43,"column":29}},"43":{"start":{"line":44,"column":0},"end":{"line":44,"column":11}},"44":{"start":{"line":45,"column":0},"end":{"line":45,"column":27}},"45":{"start":{"line":46,"column":0},"end":{"line":46,"column":13}},"46":{"start":{"line":47,"column":0},"end":{"line":47,"column":47}},"47":{"start":{"line":48,"column":0},"end":{"line":48,"column":38}},"48":{"start":{"line":49,"column":0},"end":{"line":49,"column":5}},"50":{"start":{"line":51,"column":0},"end":{"line":51,"column":51}},"51":{"start":{"line":52,"column":0},"end":{"line":52,"column":1}}},"s":{"0":1,"1":1,"18":2,"19":2,"20":2,"21":2,"22":2,"23":2,"24":2,"25":2,"26":2,"27":2,"28":2,"29":2,"30":2,"31":2,"32":2,"37":4,"38":4,"40":4,"41":4,"42":4,"43":4,"44":4,"45":4,"46":4,"47":4,"48":4,"50":4,"51":4},"branchMap":{"0":{"type":"branch","line":19,"loc":{"start":{"line":19,"column":0},"end":{"line":33,"column":1}},"locations":[{"start":{"line":19,"column":0},"end":{"line":33,"column":1}}]},"1":{"type":"branch","line":29,"loc":{"start":{"line":29,"column":20},"end":{"line":29,"column":39}},"locations":[{"start":{"line":29,"column":20},"end":{"line":29,"column":39}}]},"2":{"type":"branch","line":29,"loc":{"start":{"line":29,"column":30},"end":{"line":29,"column":44}},"locations":[{"start":{"line":29,"column":30},"end":{"line":29,"column":44}}]},"3":{"type":"branch","line":28,"loc":{"start":{"line":28,"column":29},"end":{"line":28,"column":88}},"locations":[{"start":{"line":28,"column":29},"end":{"line":28,"column":88}}]},"4":{"type":"branch","line":28,"loc":{"start":{"line":28,"column":58},"end":{"line":28,"column":77}},"locations":[{"start":{"line":28,"column":58},"end":{"line":28,"column":77}}]},"5":{"type":"branch","line":28,"loc":{"start":{"line":28,"column":69},"end":{"line":28,"column":88}},"locations":[{"start":{"line":28,"column":69},"end":{"line":28,"column":88}}]},"6":{"type":"branch","line":38,"loc":{"start":{"line":38,"column":0},"end":{"line":52,"column":1}},"locations":[{"start":{"line":38,"column":0},"end":{"line":52,"column":1}}]},"7":{"type":"branch","line":45,"loc":{"start":{"line":45,"column":11},"end":{"line":45,"column":27}},"locations":[{"start":{"line":45,"column":11},"end":{"line":45,"column":27}}]},"8":{"type":"branch","line":47,"loc":{"start":{"line":47,"column":11},"end":{"line":47,"column":37}},"locations":[{"start":{"line":47,"column":11},"end":{"line":47,"column":37}}]},"9":{"type":"branch","line":47,"loc":{"start":{"line":47,"column":33},"end":{"line":47,"column":47}},"locations":[{"start":{"line":47,"column":33},"end":{"line":47,"column":47}}]},"10":{"type":"branch","line":48,"loc":{"start":{"line":48,"column":15},"end":{"line":48,"column":38}},"locations":[{"start":{"line":48,"column":15},"end":{"line":48,"column":38}}]}},"b":{"0":[2],"1":[1],"2":[1],"3":[3],"4":[1],"5":[2],"6":[4],"7":[2],"8":[1],"9":[3],"10":[3]},"fnMap":{"0":{"name":"mapGitHubIssueResponse","decl":{"start":{"line":19,"column":0},"end":{"line":33,"column":1}},"loc":{"start":{"line":19,"column":0},"end":{"line":33,"column":1}},"line":19},"1":{"name":"fetchIssues","decl":{"start":{"line":38,"column":0},"end":{"line":52,"column":1}},"loc":{"start":{"line":38,"column":0},"end":{"line":52,"column":1}},"line":38}},"f":{"0":2,"1":4}}
,"/Users/ng/Documents/github/blast-furnace/src/github/pullRequests.ts": {"path":"/Users/ng/Documents/github/blast-furnace/src/github/pullRequests.ts","all":false,"statementMap":{"0":{"start":{"line":1,"column":0},"end":{"line":1,"column":43}},"1":{"start":{"line":2,"column":0},"end":{"line":2,"column":44}},"25":{"start":{"line":26,"column":0},"end":{"line":26,"column":106}},"26":{"start":{"line":27,"column":0},"end":{"line":27,"column":66}},"28":{"start":{"line":29,"column":0},"end":{"line":29,"column":52}},"29":{"start":{"line":30,"column":0},"end":{"line":30,"column":31}},"30":{"start":{"line":31,"column":0},"end":{"line":31,"column":29}},"31":{"start":{"line":32,"column":0},"end":{"line":32,"column":10}},"32":{"start":{"line":33,"column":0},"end":{"line":33,"column":9}},"33":{"start":{"line":34,"column":0},"end":{"line":34,"column":9}},"34":{"start":{"line":35,"column":0},"end":{"line":35,"column":9}},"35":{"start":{"line":36,"column":0},"end":{"line":36,"column":10}},"36":{"start":{"line":37,"column":0},"end":{"line":37,"column":5}},"38":{"start":{"line":39,"column":0},"end":{"line":39,"column":10}},"39":{"start":{"line":40,"column":0},"end":{"line":40,"column":33}},"40":{"start":{"line":41,"column":0},"end":{"line":41,"column":36}},"41":{"start":{"line":42,"column":0},"end":{"line":42,"column":4}},"42":{"start":{"line":43,"column":0},"end":{"line":43,"column":1}}},"s":{"0":1,"1":1,"25":4,"26":4,"28":4,"29":4,"30":4,"31":4,"32":4,"33":4,"34":4,"35":4,"36":4,"38":4,"39":4,"40":4,"41":4,"42":4},"branchMap":{"0":{"type":"branch","line":26,"loc":{"start":{"line":26,"column":0},"end":{"line":43,"column":1}},"locations":[{"start":{"line":26,"column":0},"end":{"line":43,"column":1}}]}},"b":{"0":[4]},"fnMap":{"0":{"name":"createPullRequest","decl":{"start":{"line":26,"column":0},"end":{"line":43,"column":1}},"loc":{"start":{"line":26,"column":0},"end":{"line":43,"column":1}},"line":26}},"f":{"0":4}}
,"/Users/ng/Documents/github/blast-furnace/src/github/types.ts": {"path":"/Users/ng/Documents/github/blast-furnace/src/github/types.ts","all":true,"statementMap":{},"s":{},"branchMap":{"0":{"type":"branch","line":1,"loc":{"start":{"line":1,"column":738},"end":{"line":40,"column":1}},"locations":[{"start":{"line":1,"column":738},"end":{"line":40,"column":1}}]}},"b":{"0":[1]},"fnMap":{"0":{"name":"(empty-report)","decl":{"start":{"line":1,"column":738},"end":{"line":40,"column":1}},"loc":{"start":{"line":1,"column":738},"end":{"line":40,"column":1}},"line":1}},"f":{"0":1}}
,"/Users/ng/Documents/github/blast-furnace/src/jobs/index.ts": {"path":"/Users/ng/Documents/github/blast-furnace/src/jobs/index.ts","all":false,"statementMap":{"0":{"start":{"line":1,"column":0},"end":{"line":1,"column":51}},"2":{"start":{"line":3,"column":0},"end":{"line":3,"column":56}},"4":{"start":{"line":5,"column":0},"end":{"line":5,"column":46}},"7":{"start":{"line":8,"column":0},"end":{"line":8,"column":40}}},"s":{"0":1,"2":1,"4":1,"7":1},"branchMap":{},"b":{},"fnMap":{},"f":{}}
,"/Users/ng/Documents/github/blast-furnace/src/jobs/logger.ts": {"path":"/Users/ng/Documents/github/blast-furnace/src/jobs/logger.ts","all":false,"statementMap":{"2":{"start":{"line":3,"column":0},"end":{"line":3,"column":50}},"11":{"start":{"line":12,"column":0},"end":{"line":12,"column":66}},"12":{"start":{"line":13,"column":0},"end":{"line":13,"column":36}},"13":{"start":{"line":14,"column":0},"end":{"line":14,"column":47}},"14":{"start":{"line":15,"column":0},"end":{"line":15,"column":70}},"16":{"start":{"line":17,"column":0},"end":{"line":17,"column":10}},"17":{"start":{"line":18,"column":0},"end":{"line":18,"column":33}},"18":{"start":{"line":19,"column":0},"end":{"line":19,"column":27}},"19":{"start":{"line":20,"column":0},"end":{"line":20,"column":6}},"20":{"start":{"line":21,"column":0},"end":{"line":21,"column":34}},"21":{"start":{"line":22,"column":0},"end":{"line":22,"column":28}},"22":{"start":{"line":23,"column":0},"end":{"line":23,"column":6}},"23":{"start":{"line":24,"column":0},"end":{"line":24,"column":33}},"24":{"start":{"line":25,"column":0},"end":{"line":25,"column":27}},"25":{"start":{"line":26,"column":0},"end":{"line":26,"column":6}},"26":{"start":{"line":27,"column":0},"end":{"line":27,"column":34}},"27":{"start":{"line":28,"column":0},"end":{"line":28,"column":28}},"28":{"start":{"line":29,"column":0},"end":{"line":29,"column":6}},"29":{"start":{"line":30,"column":0},"end":{"line":30,"column":4}},"30":{"start":{"line":31,"column":0},"end":{"line":31,"column":1}}},"s":{"2":1,"11":1,"12":2,"13":2,"14":2,"16":2,"17":2,"18":0,"19":0,"20":2,"21":0,"22":0,"23":2,"24":0,"25":0,"26":2,"27":0,"28":0,"29":2,"30":2},"branchMap":{"0":{"type":"branch","line":12,"loc":{"start":{"line":12,"column":7},"end":{"line":31,"column":1}},"locations":[{"start":{"line":12,"column":7},"end":{"line":31,"column":1}}]},"1":{"type":"branch","line":13,"loc":{"start":{"line":13,"column":20},"end":{"line":13,"column":36}},"locations":[{"start":{"line":13,"column":20},"end":{"line":13,"column":36}}]},"2":{"type":"branch","line":14,"loc":{"start":{"line":14,"column":27},"end":{"line":14,"column":47}},"locations":[{"start":{"line":14,"column":27},"end":{"line":14,"column":47}}]}},"b":{"0":[2],"1":[1],"2":[0]},"fnMap":{"0":{"name":"createJobLogger","decl":{"start":{"line":12,"column":7},"end":{"line":31,"column":1}},"loc":{"start":{"line":12,"column":7},"end":{"line":31,"column":1}},"line":12},"1":{"name":"info","decl":{"start":{"line":18,"column":4},"end":{"line":20,"column":6}},"loc":{"start":{"line":18,"column":4},"end":{"line":20,"column":6}},"line":18},"2":{"name":"error","decl":{"start":{"line":21,"column":4},"end":{"line":23,"column":6}},"loc":{"start":{"line":21,"column":4},"end":{"line":23,"column":6}},"line":21},"3":{"name":"warn","decl":{"start":{"line":24,"column":4},"end":{"line":26,"column":6}},"loc":{"start":{"line":24,"column":4},"end":{"line":26,"column":6}},"line":24},"4":{"name":"debug","decl":{"start":{"line":27,"column":4},"end":{"line":29,"column":6}},"loc":{"start":{"line":27,"column":4},"end":{"line":29,"column":6}},"line":27}},"f":{"0":2,"1":0,"2":0,"3":0,"4":0}}
,"/Users/ng/Documents/github/blast-furnace/src/jobs/queue.ts": {"path":"/Users/ng/Documents/github/blast-furnace/src/jobs/queue.ts","all":false,"statementMap":{"0":{"start":{"line":1,"column":0},"end":{"line":1,"column":44}},"1":{"start":{"line":2,"column":0},"end":{"line":2,"column":44}},"6":{"start":{"line":7,"column":0},"end":{"line":7,"column":66}},"7":{"start":{"line":8,"column":0},"end":{"line":8,"column":15}},"8":{"start":{"line":9,"column":0},"end":{"line":9,"column":28}},"9":{"start":{"line":10,"column":0},"end":{"line":10,"column":28}},"10":{"start":{"line":11,"column":0},"end":{"line":11,"column":84}},"11":{"start":{"line":12,"column":0},"end":{"line":12,"column":4}},"12":{"start":{"line":13,"column":0},"end":{"line":13,"column":22}},"13":{"start":{"line":14,"column":0},"end":{"line":14,"column":16}},"14":{"start":{"line":15,"column":0},"end":{"line":15,"column":14}},"15":{"start":{"line":16,"column":0},"end":{"line":16,"column":26}},"16":{"start":{"line":17,"column":0},"end":{"line":17,"column":18}},"17":{"start":{"line":18,"column":0},"end":{"line":18,"column":6}},"18":{"start":{"line":19,"column":0},"end":{"line":19,"column":23}},"19":{"start":{"line":20,"column":0},"end":{"line":20,"column":17}},"20":{"start":{"line":21,"column":0},"end":{"line":21,"column":24}},"21":{"start":{"line":22,"column":0},"end":{"line":22,"column":6}},"22":{"start":{"line":23,"column":0},"end":{"line":23,"column":19}},"23":{"start":{"line":24,"column":0},"end":{"line":24,"column":17}},"24":{"start":{"line":25,"column":0},"end":{"line":25,"column":28}},"25":{"start":{"line":26,"column":0},"end":{"line":26,"column":6}},"26":{"start":{"line":27,"column":0},"end":{"line":27,"column":4}},"27":{"start":{"line":28,"column":0},"end":{"line":28,"column":3}},"29":{"start":{"line":30,"column":0},"end":{"line":30,"column":66}},"30":{"start":{"line":31,"column":0},"end":{"line":31,"column":15}},"31":{"start":{"line":32,"column":0},"end":{"line":32,"column":28}},"32":{"start":{"line":33,"column":0},"end":{"line":33,"column":28}},"33":{"start":{"line":34,"column":0},"end":{"line":34,"column":84}},"34":{"start":{"line":35,"column":0},"end":{"line":35,"column":4}},"35":{"start":{"line":36,"column":0},"end":{"line":36,"column":3}},"37":{"start":{"line":38,"column":0},"end":{"line":38,"column":51}},"38":{"start":{"line":39,"column":0},"end":{"line":39,"column":28}},"39":{"start":{"line":40,"column":0},"end":{"line":40,"column":25}},"40":{"start":{"line":41,"column":0},"end":{"line":41,"column":1}}},"s":{"0":1,"1":1,"6":1,"7":1,"8":1,"9":1,"10":1,"11":1,"12":1,"13":1,"14":1,"15":1,"16":1,"17":1,"18":1,"19":1,"20":1,"21":1,"22":1,"23":1,"24":1,"25":1,"26":1,"27":1,"29":1,"30":1,"31":1,"32":1,"33":1,"34":1,"35":1,"37":0,"38":0,"39":0,"40":0},"branchMap":{"0":{"type":"branch","line":11,"loc":{"start":{"line":11,"column":34},"end":{"line":11,"column":84}},"locations":[{"start":{"line":11,"column":34},"end":{"line":11,"column":84}}]},"1":{"type":"branch","line":34,"loc":{"start":{"line":34,"column":34},"end":{"line":34,"column":84}},"locations":[{"start":{"line":34,"column":34},"end":{"line":34,"column":84}}]}},"b":{"0":[0],"1":[0]},"fnMap":{"0":{"name":"closeQueue","decl":{"start":{"line":38,"column":0},"end":{"line":41,"column":1}},"loc":{"start":{"line":38,"column":0},"end":{"line":41,"column":1}},"line":38}},"f":{"0":0}}
,"/Users/ng/Documents/github/blast-furnace/src/jobs/worker.ts": {"path":"/Users/ng/Documents/github/blast-furnace/src/jobs/worker.ts","all":false,"statementMap":{"0":{"start":{"line":1,"column":0},"end":{"line":1,"column":37}},"1":{"start":{"line":2,"column":0},"end":{"line":2,"column":44}},"3":{"start":{"line":4,"column":0},"end":{"line":4,"column":50}},"4":{"start":{"line":5,"column":0},"end":{"line":5,"column":46}},"10":{"start":{"line":11,"column":0},"end":{"line":11,"column":29}},"11":{"start":{"line":12,"column":0},"end":{"line":12,"column":53}},"12":{"start":{"line":13,"column":0},"end":{"line":13,"column":29}},"13":{"start":{"line":14,"column":0},"end":{"line":14,"column":23}},"14":{"start":{"line":15,"column":0},"end":{"line":15,"column":74}},"15":{"start":{"line":16,"column":0},"end":{"line":16,"column":17}},"16":{"start":{"line":17,"column":0},"end":{"line":17,"column":30}},"17":{"start":{"line":18,"column":0},"end":{"line":18,"column":30}},"18":{"start":{"line":19,"column":0},"end":{"line":19,"column":86}},"19":{"start":{"line":20,"column":0},"end":{"line":20,"column":6}},"20":{"start":{"line":21,"column":0},"end":{"line":21,"column":42}},"21":{"start":{"line":22,"column":0},"end":{"line":22,"column":5}},"24":{"start":{"line":25,"column":0},"end":{"line":25,"column":32}},"25":{"start":{"line":26,"column":0},"end":{"line":26,"column":40}},"26":{"start":{"line":27,"column":0},"end":{"line":27,"column":52}},"27":{"start":{"line":28,"column":0},"end":{"line":28,"column":5}},"29":{"start":{"line":30,"column":0},"end":{"line":30,"column":35}},"30":{"start":{"line":31,"column":0},"end":{"line":31,"column":40}},"31":{"start":{"line":32,"column":0},"end":{"line":32,"column":56}},"32":{"start":{"line":33,"column":0},"end":{"line":33,"column":5}},"34":{"start":{"line":35,"column":0},"end":{"line":35,"column":37}},"35":{"start":{"line":36,"column":0},"end":{"line":36,"column":21}},"36":{"start":{"line":37,"column":0},"end":{"line":37,"column":40}},"37":{"start":{"line":38,"column":0},"end":{"line":38,"column":57}},"38":{"start":{"line":39,"column":0},"end":{"line":39,"column":5}},"40":{"start":{"line":41,"column":0},"end":{"line":41,"column":44}},"41":{"start":{"line":42,"column":0},"end":{"line":42,"column":9}},"42":{"start":{"line":43,"column":0},"end":{"line":43,"column":42}},"43":{"start":{"line":44,"column":0},"end":{"line":44,"column":73}},"44":{"start":{"line":45,"column":0},"end":{"line":45,"column":13}},"46":{"start":{"line":47,"column":0},"end":{"line":47,"column":5}},"47":{"start":{"line":48,"column":0},"end":{"line":48,"column":5}},"49":{"start":{"line":50,"column":0},"end":{"line":50,"column":35}},"50":{"start":{"line":51,"column":0},"end":{"line":51,"column":64}},"51":{"start":{"line":52,"column":0},"end":{"line":52,"column":60}},"52":{"start":{"line":53,"column":0},"end":{"line":53,"column":5}},"54":{"start":{"line":55,"column":0},"end":{"line":55,"column":31}},"55":{"start":{"line":56,"column":0},"end":{"line":56,"column":57}},"56":{"start":{"line":57,"column":0},"end":{"line":57,"column":49}},"57":{"start":{"line":58,"column":0},"end":{"line":58,"column":5}},"59":{"start":{"line":60,"column":0},"end":{"line":60,"column":16}},"60":{"start":{"line":61,"column":0},"end":{"line":61,"column":1}},"62":{"start":{"line":63,"column":0},"end":{"line":63,"column":78}},"63":{"start":{"line":64,"column":0},"end":{"line":64,"column":23}},"64":{"start":{"line":65,"column":0},"end":{"line":65,"column":1}}},"s":{"0":1,"1":1,"3":1,"4":1,"10":1,"11":0,"12":0,"13":0,"14":0,"15":0,"16":0,"17":0,"18":0,"19":0,"20":0,"21":0,"24":0,"25":0,"26":0,"27":0,"29":0,"30":0,"31":0,"32":0,"34":0,"35":0,"36":0,"37":0,"38":0,"40":0,"41":0,"42":0,"43":0,"44":0,"46":0,"47":0,"49":0,"50":0,"51":0,"52":0,"54":0,"55":0,"56":0,"57":0,"59":0,"60":0,"62":0,"63":0,"64":0},"branchMap":{},"b":{},"fnMap":{"0":{"name":"createWorker","decl":{"start":{"line":11,"column":7},"end":{"line":61,"column":1}},"loc":{"start":{"line":11,"column":7},"end":{"line":61,"column":1}},"line":11},"1":{"name":"closeWorker","decl":{"start":{"line":63,"column":0},"end":{"line":65,"column":1}},"loc":{"start":{"line":63,"column":0},"end":{"line":65,"column":1}},"line":63}},"f":{"0":0,"1":0}}
,"/Users/ng/Documents/github/blast-furnace/src/server/index.ts": {"path":"/Users/ng/Documents/github/blast-furnace/src/server/index.ts","all":false,"statementMap":{"0":{"start":{"line":1,"column":0},"end":{"line":1,"column":51}},"1":{"start":{"line":2,"column":0},"end":{"line":2,"column":33}},"2":{"start":{"line":3,"column":0},"end":{"line":3,"column":49}},"7":{"start":{"line":8,"column":0},"end":{"line":8,"column":90}},"8":{"start":{"line":9,"column":0},"end":{"line":9,"column":26}},"9":{"start":{"line":10,"column":0},"end":{"line":10,"column":35}},"10":{"start":{"line":11,"column":0},"end":{"line":11,"column":5}},"14":{"start":{"line":15,"column":0},"end":{"line":15,"column":56}},"15":{"start":{"line":16,"column":0},"end":{"line":16,"column":74}},"16":{"start":{"line":17,"column":0},"end":{"line":17,"column":48}},"17":{"start":{"line":18,"column":0},"end":{"line":18,"column":17}},"19":{"start":{"line":20,"column":0},"end":{"line":20,"column":31}},"20":{"start":{"line":21,"column":0},"end":{"line":21,"column":24}},"21":{"start":{"line":22,"column":0},"end":{"line":22,"column":23}},"22":{"start":{"line":23,"column":0},"end":{"line":23,"column":5}},"25":{"start":{"line":26,"column":0},"end":{"line":26,"column":31}},"26":{"start":{"line":27,"column":0},"end":{"line":27,"column":52}},"28":{"start":{"line":29,"column":0},"end":{"line":29,"column":16}},"29":{"start":{"line":30,"column":0},"end":{"line":30,"column":1}},"31":{"start":{"line":32,"column":0},"end":{"line":32,"column":122}},"32":{"start":{"line":33,"column":0},"end":{"line":33,"column":7}},"33":{"start":{"line":34,"column":0},"end":{"line":34,"column":40}},"34":{"start":{"line":35,"column":0},"end":{"line":35,"column":59}},"35":{"start":{"line":36,"column":0},"end":{"line":36,"column":17}},"36":{"start":{"line":37,"column":0},"end":{"line":37,"column":26}},"37":{"start":{"line":38,"column":0},"end":{"line":38,"column":14}},"38":{"start":{"line":39,"column":0},"end":{"line":39,"column":3}},"39":{"start":{"line":40,"column":0},"end":{"line":40,"column":1}}},"s":{"0":1,"1":1,"2":1,"7":4,"8":4,"9":4,"10":4,"14":4,"15":4,"16":0,"17":4,"19":4,"20":4,"21":4,"22":4,"25":4,"26":4,"28":4,"29":4,"31":1,"32":1,"33":1,"34":1,"35":1,"36":0,"37":0,"38":0,"39":1},"branchMap":{"0":{"type":"branch","line":8,"loc":{"start":{"line":8,"column":0},"end":{"line":30,"column":1}},"locations":[{"start":{"line":8,"column":0},"end":{"line":30,"column":1}}]},"1":{"type":"branch","line":10,"loc":{"start":{"line":10,"column":20},"end":{"line":10,"column":35}},"locations":[{"start":{"line":10,"column":20},"end":{"line":10,"column":35}}]},"2":{"type":"branch","line":16,"loc":{"start":{"line":16,"column":44},"end":{"line":16,"column":74}},"locations":[{"start":{"line":16,"column":44},"end":{"line":16,"column":74}}]},"3":{"type":"branch","line":16,"loc":{"start":{"line":16,"column":71},"end":{"line":17,"column":48}},"locations":[{"start":{"line":16,"column":71},"end":{"line":17,"column":48}}]},"4":{"type":"branch","line":32,"loc":{"start":{"line":32,"column":0},"end":{"line":40,"column":1}},"locations":[{"start":{"line":32,"column":0},"end":{"line":40,"column":1}}]},"5":{"type":"branch","line":36,"loc":{"start":{"line":36,"column":2},"end":{"line":39,"column":3}},"locations":[{"start":{"line":36,"column":2},"end":{"line":39,"column":3}}]}},"b":{"0":[4],"1":[1],"2":[0],"3":[0],"4":[1],"5":[0]},"fnMap":{"0":{"name":"buildServer","decl":{"start":{"line":8,"column":0},"end":{"line":30,"column":1}},"loc":{"start":{"line":8,"column":0},"end":{"line":30,"column":1}},"line":8},"1":{"name":"startServer","decl":{"start":{"line":32,"column":0},"end":{"line":40,"column":1}},"loc":{"start":{"line":32,"column":0},"end":{"line":40,"column":1}},"line":32}},"f":{"0":4,"1":1}}
,"/Users/ng/Documents/github/blast-furnace/src/server/routes/health.ts": {"path":"/Users/ng/Documents/github/blast-furnace/src/server/routes/health.ts","all":false,"statementMap":{"6":{"start":{"line":7,"column":0},"end":{"line":7,"column":34}},"7":{"start":{"line":8,"column":0},"end":{"line":8,"column":26}},"8":{"start":{"line":9,"column":0},"end":{"line":9,"column":29}},"9":{"start":{"line":10,"column":0},"end":{"line":10,"column":18}},"10":{"start":{"line":11,"column":0},"end":{"line":11,"column":52}},"12":{"start":{"line":13,"column":0},"end":{"line":13,"column":25}},"13":{"start":{"line":14,"column":0},"end":{"line":14,"column":13}},"14":{"start":{"line":15,"column":0},"end":{"line":15,"column":17}},"15":{"start":{"line":16,"column":0},"end":{"line":16,"column":14}},"16":{"start":{"line":17,"column":0},"end":{"line":17,"column":25}},"17":{"start":{"line":18,"column":0},"end":{"line":18,"column":23}},"18":{"start":{"line":19,"column":0},"end":{"line":19,"column":39}},"19":{"start":{"line":20,"column":0},"end":{"line":20,"column":42}},"20":{"start":{"line":21,"column":0},"end":{"line":21,"column":39}},"21":{"start":{"line":22,"column":0},"end":{"line":22,"column":12}},"22":{"start":{"line":23,"column":0},"end":{"line":23,"column":10}},"23":{"start":{"line":24,"column":0},"end":{"line":24,"column":8}},"24":{"start":{"line":25,"column":0},"end":{"line":25,"column":6}},"25":{"start":{"line":26,"column":0},"end":{"line":26,"column":34}},"26":{"start":{"line":27,"column":0},"end":{"line":27,"column":12}},"27":{"start":{"line":28,"column":0},"end":{"line":28,"column":19}},"28":{"start":{"line":29,"column":0},"end":{"line":29,"column":42}},"29":{"start":{"line":30,"column":0},"end":{"line":30,"column":58}},"30":{"start":{"line":31,"column":0},"end":{"line":31,"column":6}},"31":{"start":{"line":32,"column":0},"end":{"line":32,"column":5}},"32":{"start":{"line":33,"column":0},"end":{"line":33,"column":1}},"34":{"start":{"line":35,"column":0},"end":{"line":35,"column":27}}},"s":{"6":4,"7":4,"8":4,"9":4,"10":4,"12":4,"13":4,"14":4,"15":4,"16":4,"17":4,"18":4,"19":4,"20":4,"21":4,"22":4,"23":4,"24":4,"25":4,"26":5,"27":5,"28":5,"29":5,"30":5,"31":4,"32":4,"34":1},"branchMap":{"0":{"type":"branch","line":7,"loc":{"start":{"line":7,"column":0},"end":{"line":33,"column":1}},"locations":[{"start":{"line":7,"column":0},"end":{"line":33,"column":1}}]},"1":{"type":"branch","line":11,"loc":{"start":{"line":11,"column":28},"end":{"line":11,"column":52}},"locations":[{"start":{"line":11,"column":28},"end":{"line":11,"column":52}}]},"2":{"type":"branch","line":26,"loc":{"start":{"line":26,"column":5},"end":{"line":32,"column":3}},"locations":[{"start":{"line":26,"column":5},"end":{"line":32,"column":3}}]}},"b":{"0":[4],"1":[0],"2":[5]},"fnMap":{"0":{"name":"healthRoute","decl":{"start":{"line":7,"column":0},"end":{"line":33,"column":1}},"loc":{"start":{"line":7,"column":0},"end":{"line":33,"column":1}},"line":7}},"f":{"0":4}}
,"/Users/ng/Documents/github/blast-furnace/src/types/index.ts": {"path":"/Users/ng/Documents/github/blast-furnace/src/types/index.ts","all":true,"statementMap":{},"s":{},"branchMap":{"0":{"type":"branch","line":1,"loc":{"start":{"line":1,"column":1809},"end":{"line":103,"column":1}},"locations":[{"start":{"line":1,"column":1809},"end":{"line":103,"column":1}}]}},"b":{"0":[1]},"fnMap":{"0":{"name":"(empty-report)","decl":{"start":{"line":1,"column":1809},"end":{"line":103,"column":1}},"loc":{"start":{"line":1,"column":1809},"end":{"line":103,"column":1}},"line":1}},"f":{"0":1}}
,"/Users/ng/Documents/github/blast-furnace/src/utils/logger.ts": {"path":"/Users/ng/Documents/github/blast-furnace/src/utils/logger.ts","all":false,"statementMap":{"18":{"start":{"line":19,"column":0},"end":{"line":19,"column":104}},"19":{"start":{"line":20,"column":0},"end":{"line":20,"column":10}},"20":{"start":{"line":21,"column":0},"end":{"line":21,"column":40}},"21":{"start":{"line":22,"column":0},"end":{"line":22,"column":10}},"22":{"start":{"line":23,"column":0},"end":{"line":23,"column":12}},"23":{"start":{"line":24,"column":0},"end":{"line":24,"column":12}},"24":{"start":{"line":25,"column":0},"end":{"line":25,"column":4}},"25":{"start":{"line":26,"column":0},"end":{"line":26,"column":1}},"27":{"start":{"line":28,"column":0},"end":{"line":28,"column":46}},"28":{"start":{"line":29,"column":0},"end":{"line":29,"column":42}},"29":{"start":{"line":30,"column":0},"end":{"line":30,"column":24}},"30":{"start":{"line":31,"column":0},"end":{"line":31,"column":17}},"31":{"start":{"line":32,"column":0},"end":{"line":32,"column":31}},"32":{"start":{"line":33,"column":0},"end":{"line":33,"column":12}},"33":{"start":{"line":34,"column":0},"end":{"line":34,"column":16}},"34":{"start":{"line":35,"column":0},"end":{"line":35,"column":30}},"35":{"start":{"line":36,"column":0},"end":{"line":36,"column":12}},"36":{"start":{"line":37,"column":0},"end":{"line":37,"column":16}},"37":{"start":{"line":38,"column":0},"end":{"line":38,"column":30}},"38":{"start":{"line":39,"column":0},"end":{"line":39,"column":12}},"39":{"start":{"line":40,"column":0},"end":{"line":40,"column":17}},"40":{"start":{"line":41,"column":0},"end":{"line":41,"column":31}},"41":{"start":{"line":42,"column":0},"end":{"line":42,"column":12}},"42":{"start":{"line":43,"column":0},"end":{"line":43,"column":3}},"43":{"start":{"line":44,"column":0},"end":{"line":44,"column":1}},"45":{"start":{"line":46,"column":0},"end":{"line":46,"column":137}},"46":{"start":{"line":47,"column":0},"end":{"line":47,"column":52}},"47":{"start":{"line":48,"column":0},"end":{"line":48,"column":43}},"48":{"start":{"line":49,"column":0},"end":{"line":49,"column":1}},"50":{"start":{"line":51,"column":0},"end":{"line":51,"column":80}},"51":{"start":{"line":52,"column":0},"end":{"line":52,"column":10}},"52":{"start":{"line":53,"column":0},"end":{"line":53,"column":69}},"53":{"start":{"line":54,"column":0},"end":{"line":54,"column":92}},"54":{"start":{"line":55,"column":0},"end":{"line":55,"column":26}},"55":{"start":{"line":56,"column":0},"end":{"line":56,"column":6}},"56":{"start":{"line":57,"column":0},"end":{"line":57,"column":68}},"57":{"start":{"line":58,"column":0},"end":{"line":58,"column":91}},"58":{"start":{"line":59,"column":0},"end":{"line":59,"column":26}},"59":{"start":{"line":60,"column":0},"end":{"line":60,"column":6}},"60":{"start":{"line":61,"column":0},"end":{"line":61,"column":68}},"61":{"start":{"line":62,"column":0},"end":{"line":62,"column":91}},"62":{"start":{"line":63,"column":0},"end":{"line":63,"column":26}},"63":{"start":{"line":64,"column":0},"end":{"line":64,"column":6}},"64":{"start":{"line":65,"column":0},"end":{"line":65,"column":69}},"65":{"start":{"line":66,"column":0},"end":{"line":66,"column":92}},"66":{"start":{"line":67,"column":0},"end":{"line":67,"column":26}},"67":{"start":{"line":68,"column":0},"end":{"line":68,"column":6}},"68":{"start":{"line":69,"column":0},"end":{"line":69,"column":4}},"69":{"start":{"line":70,"column":0},"end":{"line":70,"column":1}},"72":{"start":{"line":73,"column":0},"end":{"line":73,"column":37}}},"s":{"18":7,"19":7,"20":7,"21":7,"22":7,"23":7,"24":7,"25":7,"27":7,"28":7,"29":7,"30":7,"31":1,"32":1,"33":7,"34":4,"35":4,"36":7,"37":1,"38":1,"39":7,"40":1,"41":1,"42":7,"43":7,"45":7,"46":7,"47":1,"48":1,"50":1,"51":13,"52":13,"53":1,"54":1,"55":1,"56":13,"57":4,"58":4,"59":4,"60":13,"61":1,"62":1,"63":1,"64":13,"65":1,"66":1,"67":1,"68":13,"69":13,"72":1},"branchMap":{"0":{"type":"branch","line":19,"loc":{"start":{"line":19,"column":0},"end":{"line":26,"column":1}},"locations":[{"start":{"line":19,"column":0},"end":{"line":26,"column":1}}]},"1":{"type":"branch","line":28,"loc":{"start":{"line":28,"column":0},"end":{"line":44,"column":1}},"locations":[{"start":{"line":28,"column":0},"end":{"line":44,"column":1}}]},"2":{"type":"branch","line":31,"loc":{"start":{"line":31,"column":4},"end":{"line":33,"column":12}},"locations":[{"start":{"line":31,"column":4},"end":{"line":33,"column":12}}]},"3":{"type":"branch","line":34,"loc":{"start":{"line":34,"column":4},"end":{"line":36,"column":12}},"locations":[{"start":{"line":34,"column":4},"end":{"line":36,"column":12}}]},"4":{"type":"branch","line":37,"loc":{"start":{"line":37,"column":4},"end":{"line":39,"column":12}},"locations":[{"start":{"line":37,"column":4},"end":{"line":39,"column":12}}]},"5":{"type":"branch","line":40,"loc":{"start":{"line":40,"column":4},"end":{"line":42,"column":12}},"locations":[{"start":{"line":40,"column":4},"end":{"line":42,"column":12}}]},"6":{"type":"branch","line":46,"loc":{"start":{"line":46,"column":0},"end":{"line":49,"column":1}},"locations":[{"start":{"line":46,"column":0},"end":{"line":49,"column":1}}]},"7":{"type":"branch","line":47,"loc":{"start":{"line":47,"column":35},"end":{"line":47,"column":52}},"locations":[{"start":{"line":47,"column":35},"end":{"line":47,"column":52}}]},"8":{"type":"branch","line":47,"loc":{"start":{"line":47,"column":42},"end":{"line":49,"column":1}},"locations":[{"start":{"line":47,"column":42},"end":{"line":49,"column":1}}]},"9":{"type":"branch","line":51,"loc":{"start":{"line":51,"column":7},"end":{"line":70,"column":1}},"locations":[{"start":{"line":51,"column":7},"end":{"line":70,"column":1}}]},"10":{"type":"branch","line":53,"loc":{"start":{"line":53,"column":4},"end":{"line":56,"column":6}},"locations":[{"start":{"line":53,"column":4},"end":{"line":56,"column":6}}]},"11":{"type":"branch","line":57,"loc":{"start":{"line":57,"column":4},"end":{"line":60,"column":6}},"locations":[{"start":{"line":57,"column":4},"end":{"line":60,"column":6}}]},"12":{"type":"branch","line":61,"loc":{"start":{"line":61,"column":4},"end":{"line":64,"column":6}},"locations":[{"start":{"line":61,"column":4},"end":{"line":64,"column":6}}]},"13":{"type":"branch","line":65,"loc":{"start":{"line":65,"column":4},"end":{"line":68,"column":6}},"locations":[{"start":{"line":65,"column":4},"end":{"line":68,"column":6}}]}},"b":{"0":[7],"1":[7],"2":[1],"3":[4],"4":[1],"5":[1],"6":[7],"7":[6],"8":[1],"9":[13],"10":[1],"11":[4],"12":[1],"13":[1]},"fnMap":{"0":{"name":"formatLogEntry","decl":{"start":{"line":19,"column":0},"end":{"line":26,"column":1}},"loc":{"start":{"line":19,"column":0},"end":{"line":26,"column":1}},"line":19},"1":{"name":"logToConsole","decl":{"start":{"line":28,"column":0},"end":{"line":44,"column":1}},"loc":{"start":{"line":28,"column":0},"end":{"line":44,"column":1}},"line":28},"2":{"name":"mergeContext","decl":{"start":{"line":46,"column":0},"end":{"line":49,"column":1}},"loc":{"start":{"line":46,"column":0},"end":{"line":49,"column":1}},"line":46},"3":{"name":"createLogger","decl":{"start":{"line":51,"column":7},"end":{"line":70,"column":1}},"loc":{"start":{"line":51,"column":7},"end":{"line":70,"column":1}},"line":51},"4":{"name":"debug","decl":{"start":{"line":53,"column":4},"end":{"line":56,"column":6}},"loc":{"start":{"line":53,"column":4},"end":{"line":56,"column":6}},"line":53},"5":{"name":"info","decl":{"start":{"line":57,"column":4},"end":{"line":60,"column":6}},"loc":{"start":{"line":57,"column":4},"end":{"line":60,"column":6}},"line":57},"6":{"name":"warn","decl":{"start":{"line":61,"column":4},"end":{"line":64,"column":6}},"loc":{"start":{"line":61,"column":4},"end":{"line":64,"column":6}},"line":61},"7":{"name":"error","decl":{"start":{"line":65,"column":4},"end":{"line":68,"column":6}},"loc":{"start":{"line":65,"column":4},"end":{"line":68,"column":6}},"line":65}},"f":{"0":7,"1":7,"2":7,"3":13,"4":1,"5":4,"6":1,"7":1}}
}
